-- Catapult University Version: Report                                              
-- ---------------------------- ---------------------------------------------------
-- Version:                     10.1b/747384 Production Release                     
-- Build Date:                  Wed Nov  1 10:26:06 PDT 2017                        
                                                                                    
-- Generated by:                xph3sei710@ocaepc56                                 
-- Generated date:              Fri Jan 25 10:39:43 CET 2019                        

Solution Settings: CNN_main_simple.v18
  Current state: schedule
  Project: Catapult_1
  
  Design Input Files Specified
    /tp/xph3sei/xph3sei710/Documents/CNN_FPGA_CIFAR10/HLS/CNN_c/include/CNN_TYPES.h
    /tp/xph3sei/xph3sei710/Documents/CNN_FPGA_CIFAR10/HLS/CNN_c/include/images.h
    /tp/xph3sei/xph3sei710/Documents/CNN_FPGA_CIFAR10/HLS/CNN_c/include/define.h
    /tp/xph3sei/xph3sei710/Documents/CNN_FPGA_CIFAR10/HLS/CNN_c/include/coeffs_simple.h
    /tp/xph3sei/xph3sei710/Documents/CNN_FPGA_CIFAR10/HLS/CNN_c/include/labels.h
    /tp/xph3sei/xph3sei710/Documents/CNN_FPGA_CIFAR10/HLS/CNN_c/include/coeffs_double.h
    /tp/xph3sei/xph3sei710/Documents/CNN_FPGA_CIFAR10/HLS/CNN_c/src/reference/maxpool_ref.cpp
    /tp/xph3sei/xph3sei710/Documents/CNN_FPGA_CIFAR10/HLS/CNN_c/src/reference/convolution_reference.cpp
    /tp/xph3sei/xph3sei710/Documents/CNN_FPGA_CIFAR10/HLS/CNN_c/src/reference/CNN_main.cpp
    /tp/xph3sei/xph3sei710/Documents/CNN_FPGA_CIFAR10/HLS/CNN_c/src/simple/testbench_simple.cpp
    /tp/xph3sei/xph3sei710/Documents/CNN_FPGA_CIFAR10/HLS/CNN_c/src/simple/maxpool_simple.cpp
      /tp/xph3sei/xph3sei710/Documents/CNN_FPGA_CIFAR10/HLS/CNN_c/include/define.h
      /tp/xph3sei/xph3sei710/Documents/CNN_FPGA_CIFAR10/HLS/CNN_c/include/CNN_TYPES.h
        $MGC_HOME/shared/include/ac_fixed.h
          $MGC_HOME/shared/include/ac_int.h
    /tp/xph3sei/xph3sei710/Documents/CNN_FPGA_CIFAR10/HLS/CNN_c/src/simple/convolution_simple.cpp
      /tp/xph3sei/xph3sei710/Documents/CNN_FPGA_CIFAR10/HLS/CNN_c/include/define.h
      /tp/xph3sei/xph3sei710/Documents/CNN_FPGA_CIFAR10/HLS/CNN_c/include/CNN_TYPES.h
        $MGC_HOME/shared/include/ac_fixed.h
          $MGC_HOME/shared/include/ac_int.h
    /tp/xph3sei/xph3sei710/Documents/CNN_FPGA_CIFAR10/HLS/CNN_c/src/simple/CNN_main_simple.cpp
      /tp/xph3sei/xph3sei710/Documents/CNN_FPGA_CIFAR10/HLS/CNN_c/include/define.h
      /tp/xph3sei/xph3sei710/Documents/CNN_FPGA_CIFAR10/HLS/CNN_c/include/CNN_TYPES.h
        $MGC_HOME/shared/include/ac_fixed.h
          $MGC_HOME/shared/include/ac_int.h
      /tp/xph3sei/xph3sei710/Documents/CNN_FPGA_CIFAR10/HLS/CNN_c/include/coeffs_simple.h
      /tp/xph3sei/xph3sei710/Documents/CNN_FPGA_CIFAR10/HLS/CNN_c/include/labels.h
  
  Processes/Blocks in Design
    Process               Real Operation(s) count  Latency Throughput Reset Length II Comments 
    --------------------- ----------------------- -------- ---------- ------------ -- --------
    /CNN_main_simple/core                     540 10741490   10816820            2  0          
    Design Total:                             540 10741490   10816820            2  0          
    
  Clock Information
    Clock Signal Edge   Period Sharing Alloc (%) Uncertainty Used by Processes/Blocks 
    ------------ ------ ------ ----------------- ----------- ------------------------
    clk          rising 40.000             20.00    0.000000 /CNN_main_simple/core    
    
  I/O Data Ranges
    Port                Mode DeclType DeclWidth DeclRange ActType ActWidth ActRange 
    ------------------- ---- -------- --------- --------- ------- -------- --------
    clk                 IN   Unsigned         1                                     
    rst                 IN   Unsigned         1                                     
    image:rsc.q         IN   Unsigned        16                                     
    F_1:rsc.q           IN   Unsigned        16                                     
    B_1:rsc.q           IN   Unsigned        16                                     
    F_2:rsc.q           IN   Unsigned        16                                     
    B_2:rsc.q           IN   Unsigned        16                                     
    F_3:rsc.q           IN   Unsigned        16                                     
    B_3:rsc.q           IN   Unsigned        16                                     
    P_W:rsc.q           IN   Unsigned        16                                     
    P_B:rsc.q           IN   Unsigned        16                                     
    image:rsc.radr      OUT  Unsigned        11                                     
    image:rsc.re        OUT  Unsigned         1                                     
    image:rsc.triosy.lz OUT  Unsigned         1                                     
    F_1:rsc.radr        OUT  Unsigned        11                                     
    F_1:rsc.re          OUT  Unsigned         1                                     
    F_1:rsc.triosy.lz   OUT  Unsigned         1                                     
    B_1:rsc.radr        OUT  Unsigned         6                                     
    B_1:rsc.re          OUT  Unsigned         1                                     
    B_1:rsc.triosy.lz   OUT  Unsigned         1                                     
    F_2:rsc.radr        OUT  Unsigned        15                                     
    F_2:rsc.re          OUT  Unsigned         1                                     
    F_2:rsc.triosy.lz   OUT  Unsigned         1                                     
    B_2:rsc.radr        OUT  Unsigned         5                                     
    B_2:rsc.re          OUT  Unsigned         1                                     
    B_2:rsc.triosy.lz   OUT  Unsigned         1                                     
    F_3:rsc.radr        OUT  Unsigned        13                                     
    F_3:rsc.re          OUT  Unsigned         1                                     
    F_3:rsc.triosy.lz   OUT  Unsigned         1                                     
    B_3:rsc.radr        OUT  Unsigned         5                                     
    B_3:rsc.re          OUT  Unsigned         1                                     
    B_3:rsc.triosy.lz   OUT  Unsigned         1                                     
    P_W:rsc.radr        OUT  Unsigned        11                                     
    P_W:rsc.re          OUT  Unsigned         1                                     
    P_W:rsc.triosy.lz   OUT  Unsigned         1                                     
    P_B:rsc.radr        OUT  Unsigned         4                                     
    P_B:rsc.re          OUT  Unsigned         1                                     
    P_B:rsc.triosy.lz   OUT  Unsigned         1                                     
    index:rsc.dat       OUT  Unsigned         4                                     
    index:rsc.triosy.lz OUT  Unsigned         1                                     
    
  Memory Resources
    Resource Name: /CNN_main_simple/core/memory_1:rsc
      Memory Component: BLOCK_1R1W_RBW               Size:         1728 x 16
      External:         false                        Packing Mode: absolute
      Memory Map:
      Variable                       Indices Phys Memory Address        
      ------------------------------ ------- --------------------------
      /CNN_main_simple/core/memory_1    0:15 000006bf-00000000 (1727-0) 
      
    Resource Name: /CNN_main_simple/core/memory_2:rsc
      Memory Component: BLOCK_1R1W_RBW               Size:         1728 x 16
      External:         false                        Packing Mode: absolute
      Memory Map:
      Variable                       Indices Phys Memory Address        
      ------------------------------ ------- --------------------------
      /CNN_main_simple/core/memory_2    0:15 000006bf-00000000 (1727-0) 
      
    Resource Name: /CNN_main_simple/image:rsc
      Memory Component: BLOCK_1R1W_RBW               Size:         1728 x 16
      External:         true                         Packing Mode: absolute
      Memory Map:
      Variable               Indices Phys Memory Address        
      ---------------------- ------- --------------------------
      /CNN_main_simple/image    0:15 000006bf-00000000 (1727-0) 
      
    Resource Name: /CNN_main_simple/F_1:rsc
      Memory Component: BLOCK_1R1W_RBW               Size:         1728 x 16
      External:         true                         Packing Mode: absolute
      Memory Map:
      Variable             Indices Phys Memory Address        
      -------------------- ------- --------------------------
      /CNN_main_simple/F_1    0:15 000006bf-00000000 (1727-0) 
      
    Resource Name: /CNN_main_simple/B_1:rsc
      Memory Component: BLOCK_1R1W_RBW               Size:         64 x 16
      External:         true                         Packing Mode: absolute
      Memory Map:
      Variable             Indices Phys Memory Address      
      -------------------- ------- ------------------------
      /CNN_main_simple/B_1    0:15 0000003f-00000000 (63-0) 
      
    Resource Name: /CNN_main_simple/F_2:rsc
      Memory Component: BLOCK_1R1W_RBW               Size:         18432 x 16
      External:         true                         Packing Mode: absolute
      Memory Map:
      Variable             Indices Phys Memory Address         
      -------------------- ------- ---------------------------
      /CNN_main_simple/F_2    0:15 000047ff-00000000 (18431-0) 
      
    Resource Name: /CNN_main_simple/B_2:rsc
      Memory Component: BLOCK_1R1W_RBW               Size:         32 x 16
      External:         true                         Packing Mode: absolute
      Memory Map:
      Variable             Indices Phys Memory Address      
      -------------------- ------- ------------------------
      /CNN_main_simple/B_2    0:15 0000001f-00000000 (31-0) 
      
    Resource Name: /CNN_main_simple/F_3:rsc
      Memory Component: BLOCK_1R1W_RBW               Size:         5760 x 16
      External:         true                         Packing Mode: absolute
      Memory Map:
      Variable             Indices Phys Memory Address        
      -------------------- ------- --------------------------
      /CNN_main_simple/F_3    0:15 0000167f-00000000 (5759-0) 
      
    Resource Name: /CNN_main_simple/B_3:rsc
      Memory Component: BLOCK_1R1W_RBW               Size:         20 x 16
      External:         true                         Packing Mode: absolute
      Memory Map:
      Variable             Indices Phys Memory Address      
      -------------------- ------- ------------------------
      /CNN_main_simple/B_3    0:15 00000013-00000000 (19-0) 
      
    Resource Name: /CNN_main_simple/P_W:rsc
      Memory Component: BLOCK_1R1W_RBW               Size:         1800 x 16
      External:         true                         Packing Mode: absolute
      Memory Map:
      Variable             Indices Phys Memory Address        
      -------------------- ------- --------------------------
      /CNN_main_simple/P_W    0:15 00000707-00000000 (1799-0) 
      
    Resource Name: /CNN_main_simple/P_B:rsc
      Memory Component: BLOCK_1R1W_RBW               Size:         10 x 16
      External:         true                         Packing Mode: absolute
      Memory Map:
      Variable             Indices Phys Memory Address     
      -------------------- ------- -----------------------
      /CNN_main_simple/P_B    0:15 00000009-00000000 (9-0) 
      
    Resource Name: /CNN_main_simple/index:rsc
      Memory Component: ccs_out                      Size:         1 x 4
      External:         true                         Packing Mode: sidebyside
      Memory Map:
      Variable               Indices Phys Memory Address     
      ---------------------- ------- -----------------------
      /CNN_main_simple/index     0:3 00000000-00000000 (0-0) 
      
  Multi-Cycle (Combinational) Component Usage
    Instance Component Name Delay 
    -------- -------------- -----
    
  Loops
    Process               Loop             Iterations C-Steps Total Cycles   Duration  Unroll Init Comments 
    --------------------- ---------------- ---------- ------- ------------- ---------- ------ ---- --------
    /CNN_main_simple/core core:rlp           Infinite       2     10816822  432.67 ms                       
    /CNN_main_simple/core  main              Infinite       2     10816820  432.67 ms                       
    /CNN_main_simple/core   INIT_L                 64       1        75328    3.01 ms                       
    /CNN_main_simple/core    INIT_J                24       1         1176   47.04 us                       
    /CNN_main_simple/core     INIT_I               24       2           48    1.92 us                       
    /CNN_main_simple/core   FOR_L                  64       1      2771200  110.85 ms                       
    /CNN_main_simple/core    FOR_K                  3       1        41547    1.66 ms                       
    /CNN_main_simple/core     FOR_J                24       1        13848  553.92 us                       
    /CNN_main_simple/core      FOR_I               24       3          576   23.04 us                       
    /CNN_main_simple/core       FOR_A               3       1           21  840.00 ns                       
    /CNN_main_simple/core        FOR_B              3       2            6  240.00 ns                       
    /CNN_main_simple/core    BIAS_J                24       1         1752   70.08 us                       
    /CNN_main_simple/core     BIAS_I               24       3           72    2.88 us                       
    /CNN_main_simple/core   FOR_K#1                64       1       241216    9.65 ms                       
    /CNN_main_simple/core    FOR_J#1               12       2         3768  150.72 us                       
    /CNN_main_simple/core     FOR_I#1              12       2          312   12.48 us                       
    /CNN_main_simple/core      FOR_B#1              3       2           24  960.00 ns                       
    /CNN_main_simple/core       FOR_A#1             3       2            6  240.00 ns                       
    /CNN_main_simple/core   INIT_L#1               32       1         9632  385.28 us                       
    /CNN_main_simple/core    INIT_J#1              12       1          300   12.00 us                       
    /CNN_main_simple/core     INIT_I#1             12       2           24  960.00 ns                       
    /CNN_main_simple/core   FOR_L#1                32       1      7118752  284.75 ms                       
    /CNN_main_simple/core    FOR_K#2               64       1       222016    8.88 ms                       
    /CNN_main_simple/core     FOR_J#2              12       1         3468  138.72 us                       
    /CNN_main_simple/core      FOR_I#2             12       3          288   11.52 us                       
    /CNN_main_simple/core       FOR_A#2             3       1           21  840.00 ns                       
    /CNN_main_simple/core        FOR_B#2            3       2            6  240.00 ns                       
    /CNN_main_simple/core    BIAS_J#1              12       1          444   17.76 us                       
    /CNN_main_simple/core     BIAS_I#1             12       3           36    1.44 us                       
    /CNN_main_simple/core   FOR_K#3                32       1        30368    1.21 ms                       
    /CNN_main_simple/core    FOR_J#3                6       2          948   37.92 us                       
    /CNN_main_simple/core     FOR_I#3               6       2          156    6.24 us                       
    /CNN_main_simple/core      FOR_B#3              3       2           24  960.00 ns                       
    /CNN_main_simple/core       FOR_A#3             3       2            6  240.00 ns                       
    /CNN_main_simple/core   INIT_L#2               20       1         1580   63.20 us                       
    /CNN_main_simple/core    INIT_J#2               6       1           78    3.12 us                       
    /CNN_main_simple/core     INIT_I#2              6       2           12  480.00 ns                       
    /CNN_main_simple/core   FOR_L#2                20       1       559740   22.39 ms                       
    /CNN_main_simple/core    FOR_K#4               32       1        27872    1.11 ms                       
    /CNN_main_simple/core     FOR_J#4               6       1          870   34.80 us                       
    /CNN_main_simple/core      FOR_I#4              6       3          144    5.76 us                       
    /CNN_main_simple/core       FOR_A#4             3       1           21  840.00 ns                       
    /CNN_main_simple/core        FOR_B#4            3       2            6  240.00 ns                       
    /CNN_main_simple/core    BIAS_J#2               6       1          114    4.56 us                       
    /CNN_main_simple/core     BIAS_I#2              6       3           18  720.00 ns                       
    /CNN_main_simple/core   FOR_K#5                20       1         4820  192.80 us                       
    /CNN_main_simple/core    FOR_J#5                3       2          240    9.60 us                       
    /CNN_main_simple/core     FOR_I#5               3       2           78    3.12 us                       
    /CNN_main_simple/core      FOR_B#5              3       2           24  960.00 ns                       
    /CNN_main_simple/core       FOR_A#5             3       2            6  240.00 ns                       
    /CNN_main_simple/core   FOR_I#6                 3       1          552   22.08 us                       
    /CNN_main_simple/core    FOR_J#6                3       1          183    7.32 us                       
    /CNN_main_simple/core     FOR_K#6              20       3           60    2.40 us                       
    /CNN_main_simple/core   FOR_J#7                10       2         3620  144.80 us                       
    /CNN_main_simple/core    FOR_K#7              180       2          360   14.40 us                       
    /CNN_main_simple/core   for                    10       1           10  400.00 ns                       
    
  Loop Execution Profile
    Process               Loop             Total Cycles % of Overall Design Cycles Throughput Cycles Comments 
    --------------------- ---------------- ------------ -------------------------- ----------------- --------
    /CNN_main_simple/core core:rlp                   2                        0.00         10816820           
    /CNN_main_simple/core  main                      2                        0.00         10816820           
    /CNN_main_simple/core   INIT_L                  64                        0.00            75328           
    /CNN_main_simple/core    INIT_J               1536                        0.01            75264           
    /CNN_main_simple/core     INIT_I             73728                        0.68            73728           
    /CNN_main_simple/core   FOR_L                   64                        0.00          2771200           
    /CNN_main_simple/core    FOR_K                 192                        0.00          2659008           
    /CNN_main_simple/core     FOR_J               4608                        0.04          2658816           
    /CNN_main_simple/core      FOR_I            331776                        3.07          2654208           
    /CNN_main_simple/core       FOR_A           331776                        3.07          2322432           
    /CNN_main_simple/core        FOR_B         1990656                       18.40          1990656           
    /CNN_main_simple/core    BIAS_J               1536                        0.01           112128           
    /CNN_main_simple/core     BIAS_I            110592                        1.02           110592           
    /CNN_main_simple/core   FOR_K#1                 64                        0.00           241216           
    /CNN_main_simple/core    FOR_J#1              1536                        0.01           241152           
    /CNN_main_simple/core     FOR_I#1            18432                        0.17           239616           
    /CNN_main_simple/core      FOR_B#1           55296                        0.51           221184           
    /CNN_main_simple/core       FOR_A#1         165888                        1.53           165888           
    /CNN_main_simple/core   INIT_L#1                32                        0.00             9632           
    /CNN_main_simple/core    INIT_J#1              384                        0.00             9600           
    /CNN_main_simple/core     INIT_I#1            9216                        0.09             9216           
    /CNN_main_simple/core   FOR_L#1                 32                        0.00          7118752           
    /CNN_main_simple/core    FOR_K#2              2048                        0.02          7104512           
    /CNN_main_simple/core     FOR_J#2            24576                        0.23          7102464           
    /CNN_main_simple/core      FOR_I#2          884736                        8.18          7077888           
    /CNN_main_simple/core       FOR_A#2         884736                        8.18          6193152           
    /CNN_main_simple/core        FOR_B#2       5308416                       49.08          5308416           
    /CNN_main_simple/core    BIAS_J#1              384                        0.00            14208           
    /CNN_main_simple/core     BIAS_I#1           13824                        0.13            13824           
    /CNN_main_simple/core   FOR_K#3                 32                        0.00            30368           
    /CNN_main_simple/core    FOR_J#3               384                        0.00            30336           
    /CNN_main_simple/core     FOR_I#3             2304                        0.02            29952           
    /CNN_main_simple/core      FOR_B#3            6912                        0.06            27648           
    /CNN_main_simple/core       FOR_A#3          20736                        0.19            20736           
    /CNN_main_simple/core   INIT_L#2                20                        0.00             1580           
    /CNN_main_simple/core    INIT_J#2              120                        0.00             1560           
    /CNN_main_simple/core     INIT_I#2            1440                        0.01             1440           
    /CNN_main_simple/core   FOR_L#2                 20                        0.00           559740           
    /CNN_main_simple/core    FOR_K#4               640                        0.01           557440           
    /CNN_main_simple/core     FOR_J#4             3840                        0.04           556800           
    /CNN_main_simple/core      FOR_I#4           69120                        0.64           552960           
    /CNN_main_simple/core       FOR_A#4          69120                        0.64           483840           
    /CNN_main_simple/core        FOR_B#4        414720                        3.83           414720           
    /CNN_main_simple/core    BIAS_J#2              120                        0.00             2280           
    /CNN_main_simple/core     BIAS_I#2            2160                        0.02             2160           
    /CNN_main_simple/core   FOR_K#5                 20                        0.00             4820           
    /CNN_main_simple/core    FOR_J#5               120                        0.00             4800           
    /CNN_main_simple/core     FOR_I#5              360                        0.00             4680           
    /CNN_main_simple/core      FOR_B#5            1080                        0.01             4320           
    /CNN_main_simple/core       FOR_A#5           3240                        0.03             3240           
    /CNN_main_simple/core   FOR_I#6                  3                        0.00              552           
    /CNN_main_simple/core    FOR_J#6                 9                        0.00              549           
    /CNN_main_simple/core     FOR_K#6              540                        0.00              540           
    /CNN_main_simple/core   FOR_J#7                 20                        0.00             3620           
    /CNN_main_simple/core    FOR_K#7              3600                        0.03             3600           
    /CNN_main_simple/core   for                     10                        0.00               10           
    
  End of Report
