


~~~~~~~~~~~~~~~~~~~~~~~~~~~~~~~~~~~~~~~~~~~~~~~~~
Module : work.CNN_main_simple_core_core_fsm(v18)
~~~~~~~~~~~~~~~~~~~~~~~~~~~~~~~~~~~~~~~~~~~~~~~~~
Number of FSMs Extracted : 1

1.
--------------------------------------------------
Number of States                : 92
Primary State Variable          : state_var[91:0]
Other State Variable(s)         : 1) state_var_NS[91:0]
Async set/reset state(s)        : (none)
Re-encoding Scheme              : ONEHOT 
FSM: Info, state encoding table:
FSM:	Index	                         State Name	                            Literal	                      Encoding
FSM:	    0	                       core_rlp_C_1	00000000000000000000000000000000000000000000000000000000000000000000000000000000000000000010	00000000000000000000000000000000000000000000000000000000000000000000000000000000000000000001
FSM:	    1	                           main_C_0	00000000000000000000000000000000000000000000000000000000000000000000000000000000000000000100	00000000000000000000000000000000000000000000000000000000000000000000000000000000000000000010
FSM:	    2	                         INIT_I_C_0	00000000000000000000000000000000000000000000000000000000000000000000000000000000000000001000	00000000000000000000000000000000000000000000000000000000000000000000000000000000000000000100
FSM:	    3	                         INIT_I_C_1	00000000000000000000000000000000000000000000000000000000000000000000000000000000000000010000	00000000000000000000000000000000000000000000000000000000000000000000000000000000000000001000
FSM:	    4	                         INIT_J_C_0	00000000000000000000000000000000000000000000000000000000000000000000000000000000000000100000	00000000000000000000000000000000000000000000000000000000000000000000000000000000000000010000
FSM:	    5	                         INIT_L_C_0	00000000000000000000000000000000000000000000000000000000000000000000000000000000000001000000	00000000000000000000000000000000000000000000000000000000000000000000000000000000000000100000
FSM:	    6	                          FOR_B_C_0	00000000000000000000000000000000000000000000000000000000000000000000000000000000000010000000	00000000000000000000000000000000000000000000000000000000000000000000000000000000000001000000
FSM:	    7	                          FOR_B_C_1	00000000000000000000000000000000000000000000000000000000000000000000000000000000000100000000	00000000000000000000000000000000000000000000000000000000000000000000000000000000000010000000
FSM:	    8	                          FOR_A_C_0	00000000000000000000000000000000000000000000000000000000000000000000000000000000001000000000	00000000000000000000000000000000000000000000000000000000000000000000000000000000000100000000
FSM:	    9	                          FOR_I_C_0	00000000000000000000000000000000000000000000000000000000000000000000000000000000010000000000	00000000000000000000000000000000000000000000000000000000000000000000000000000000001000000000
FSM:	   10	                          FOR_I_C_1	00000000000000000000000000000000000000000000000000000000000000000000000000000000100000000000	00000000000000000000000000000000000000000000000000000000000000000000000000000000010000000000
FSM:	   11	                          FOR_I_C_2	00000000000000000000000000000000000000000000000000000000000000000000000000000001000000000000	00000000000000000000000000000000000000000000000000000000000000000000000000000000100000000000
FSM:	   12	                          FOR_J_C_0	00000000000000000000000000000000000000000000000000000000000000000000000000000010000000000000	00000000000000000000000000000000000000000000000000000000000000000000000000000001000000000000
FSM:	   13	                          FOR_K_C_0	00000000000000000000000000000000000000000000000000000000000000000000000000000100000000000000	00000000000000000000000000000000000000000000000000000000000000000000000000000010000000000000
FSM:	   14	                         BIAS_I_C_0	00000000000000000000000000000000000000000000000000000000000000000000000000001000000000000000	00000000000000000000000000000000000000000000000000000000000000000000000000000100000000000000
FSM:	   15	                         BIAS_I_C_1	00000000000000000000000000000000000000000000000000000000000000000000000000010000000000000000	00000000000000000000000000000000000000000000000000000000000000000000000000001000000000000000
FSM:	   16	                         BIAS_I_C_2	00000000000000000000000000000000000000000000000000000000000000000000000000100000000000000000	00000000000000000000000000000000000000000000000000000000000000000000000000010000000000000000
FSM:	   17	                         BIAS_J_C_0	00000000000000000000000000000000000000000000000000000000000000000000000001000000000000000000	00000000000000000000000000000000000000000000000000000000000000000000000000100000000000000000
FSM:	   18	                          FOR_L_C_0	00000000000000000000000000000000000000000000000000000000000000000000000010000000000000000000	00000000000000000000000000000000000000000000000000000000000000000000000001000000000000000000
FSM:	   19	                        FOR_J_1_C_0	00000000000000000000000000000000000000000000000000000000000000000000000100000000000000000000	00000000000000000000000000000000000000000000000000000000000000000000000010000000000000000000
FSM:	   20	                        FOR_I_1_C_0	00000000000000000000000000000000000000000000000000000000000000000000001000000000000000000000	00000000000000000000000000000000000000000000000000000000000000000000000100000000000000000000
FSM:	   21	                        FOR_A_1_C_0	00000000000000000000000000000000000000000000000000000000000000000000010000000000000000000000	00000000000000000000000000000000000000000000000000000000000000000000001000000000000000000000
FSM:	   22	                        FOR_A_1_C_1	00000000000000000000000000000000000000000000000000000000000000000000100000000000000000000000	00000000000000000000000000000000000000000000000000000000000000000000010000000000000000000000
FSM:	   23	                        FOR_B_1_C_0	00000000000000000000000000000000000000000000000000000000000000000001000000000000000000000000	00000000000000000000000000000000000000000000000000000000000000000000100000000000000000000000
FSM:	   24	                        FOR_B_1_C_1	00000000000000000000000000000000000000000000000000000000000000000010000000000000000000000000	00000000000000000000000000000000000000000000000000000000000000000001000000000000000000000000
FSM:	   25	                        FOR_I_1_C_1	00000000000000000000000000000000000000000000000000000000000000000100000000000000000000000000	00000000000000000000000000000000000000000000000000000000000000000010000000000000000000000000
FSM:	   26	                        FOR_J_1_C_1	00000000000000000000000000000000000000000000000000000000000000001000000000000000000000000000	00000000000000000000000000000000000000000000000000000000000000000100000000000000000000000000
FSM:	   27	                        FOR_K_1_C_0	00000000000000000000000000000000000000000000000000000000000000010000000000000000000000000000	00000000000000000000000000000000000000000000000000000000000000001000000000000000000000000000
FSM:	   28	                       INIT_I_1_C_0	00000000000000000000000000000000000000000000000000000000000000100000000000000000000000000000	00000000000000000000000000000000000000000000000000000000000000010000000000000000000000000000
FSM:	   29	                       INIT_I_1_C_1	00000000000000000000000000000000000000000000000000000000000001000000000000000000000000000000	00000000000000000000000000000000000000000000000000000000000000100000000000000000000000000000
FSM:	   30	                       INIT_J_1_C_0	00000000000000000000000000000000000000000000000000000000000010000000000000000000000000000000	00000000000000000000000000000000000000000000000000000000000001000000000000000000000000000000
FSM:	   31	                       INIT_L_1_C_0	00000000000000000000000000000000000000000000000000000000000100000000000000000000000000000000	00000000000000000000000000000000000000000000000000000000000010000000000000000000000000000000
FSM:	   32	                       INIT_L_1_C_0	00000000000000000000000000000000000000000000000000000000001000000000000000000000000000000000	00000000000000000000000000000000000000000000000000000000000100000000000000000000000000000000
FSM:	   33	                       INIT_L_1_C_0	00000000000000000000000000000000000000000000000000000000010000000000000000000000000000000000	00000000000000000000000000000000000000000000000000000000001000000000000000000000000000000000
FSM:	   34	                       INIT_L_1_C_0	00000000000000000000000000000000000000000000000000000000100000000000000000000000000000000000	00000000000000000000000000000000000000000000000000000000010000000000000000000000000000000000
FSM:	   35	                       INIT_L_1_C_0	00000000000000000000000000000000000000000000000000000001000000000000000000000000000000000000	00000000000000000000000000000000000000000000000000000000100000000000000000000000000000000000
FSM:	   36	                       INIT_L_1_C_0	00000000000000000000000000000000000000000000000000000010000000000000000000000000000000000000	00000000000000000000000000000000000000000000000000000001000000000000000000000000000000000000
FSM:	   37	                       INIT_L_1_C_0	00000000000000000000000000000000000000000000000000000100000000000000000000000000000000000000	00000000000000000000000000000000000000000000000000000010000000000000000000000000000000000000
FSM:	   38	                       INIT_L_1_C_0	00000000000000000000000000000000000000000000000000001000000000000000000000000000000000000000	00000000000000000000000000000000000000000000000000000100000000000000000000000000000000000000
FSM:	   39	                       INIT_L_1_C_0	00000000000000000000000000000000000000000000000000010000000000000000000000000000000000000000	00000000000000000000000000000000000000000000000000001000000000000000000000000000000000000000
FSM:	   40	                       INIT_L_1_C_0	00000000000000000000000000000000000000000000000000100000000000000000000000000000000000000000	00000000000000000000000000000000000000000000000000010000000000000000000000000000000000000000
FSM:	   41	                       INIT_L_1_C_0	00000000000000000000000000000000000000000000000001000000000000000000000000000000000000000000	00000000000000000000000000000000000000000000000000100000000000000000000000000000000000000000
FSM:	   42	                       INIT_L_1_C_0	00000000000000000000000000000000000000000000000010000000000000000000000000000000000000000000	00000000000000000000000000000000000000000000000001000000000000000000000000000000000000000000
FSM:	   43	                       INIT_L_1_C_0	00000000000000000000000000000000000000000000000100000000000000000000000000000000000000000000	00000000000000000000000000000000000000000000000010000000000000000000000000000000000000000000
FSM:	   44	                       INIT_L_1_C_0	00000000000000000000000000000000000000000000001000000000000000000000000000000000000000000000	00000000000000000000000000000000000000000000000100000000000000000000000000000000000000000000
FSM:	   45	                       INIT_L_1_C_0	00000000000000000000000000000000000000000000010000000000000000000000000000000000000000000000	00000000000000000000000000000000000000000000001000000000000000000000000000000000000000000000
FSM:	   46	                       INIT_L_1_C_0	00000000000000000000000000000000000000000000100000000000000000000000000000000000000000000000	00000000000000000000000000000000000000000000010000000000000000000000000000000000000000000000
FSM:	   47	                       INIT_L_1_C_0	00000000000000000000000000000000000000000001000000000000000000000000000000000000000000000000	00000000000000000000000000000000000000000000100000000000000000000000000000000000000000000000
FSM:	   48	                       INIT_L_1_C_0	00000000000000000000000000000000000000000010000000000000000000000000000000000000000000000000	00000000000000000000000000000000000000000001000000000000000000000000000000000000000000000000
FSM:	   49	                       INIT_L_1_C_0	00000000000000000000000000000000000000000100000000000000000000000000000000000000000000000000	00000000000000000000000000000000000000000010000000000000000000000000000000000000000000000000
FSM:	   50	                       INIT_L_1_C_0	00000000000000000000000000000000000000001000000000000000000000000000000000000000000000000000	00000000000000000000000000000000000000000100000000000000000000000000000000000000000000000000
FSM:	   51	                       INIT_L_1_C_0	00000000000000000000000000000000000000010000000000000000000000000000000000000000000000000000	00000000000000000000000000000000000000001000000000000000000000000000000000000000000000000000
FSM:	   52	                       INIT_L_1_C_0	00000000000000000000000000000000000000100000000000000000000000000000000000000000000000000000	00000000000000000000000000000000000000010000000000000000000000000000000000000000000000000000
FSM:	   53	                       INIT_L_1_C_0	00000000000000000000000000000000000001000000000000000000000000000000000000000000000000000000	00000000000000000000000000000000000000100000000000000000000000000000000000000000000000000000
FSM:	   54	                       INIT_L_1_C_0	00000000000000000000000000000000000010000000000000000000000000000000000000000000000000000000	00000000000000000000000000000000000001000000000000000000000000000000000000000000000000000000
FSM:	   55	                       INIT_L_1_C_0	00000000000000000000000000000000000100000000000000000000000000000000000000000000000000000000	00000000000000000000000000000000000010000000000000000000000000000000000000000000000000000000
FSM:	   56	                       INIT_L_1_C_0	00000000000000000000000000000000001000000000000000000000000000000000000000000000000000000000	00000000000000000000000000000000000100000000000000000000000000000000000000000000000000000000
FSM:	   57	                       INIT_L_1_C_0	00000000000000000000000000000000010000000000000000000000000000000000000000000000000000000000	00000000000000000000000000000000001000000000000000000000000000000000000000000000000000000000
FSM:	   58	                       INIT_L_1_C_0	00000000000000000000000000000000100000000000000000000000000000000000000000000000000000000000	00000000000000000000000000000000010000000000000000000000000000000000000000000000000000000000
FSM:	   59	                       INIT_L_1_C_0	00000000000000000000000000000001000000000000000000000000000000000000000000000000000000000000	00000000000000000000000000000000100000000000000000000000000000000000000000000000000000000000
FSM:	   60	                       INIT_L_1_C_0	00000000000000000000000000000010000000000000000000000000000000000000000000000000000000000000	00000000000000000000000000000001000000000000000000000000000000000000000000000000000000000000
FSM:	   61	                       INIT_L_1_C_0	00000000000000000000000000000100000000000000000000000000000000000000000000000000000000000000	00000000000000000000000000000010000000000000000000000000000000000000000000000000000000000000
FSM:	   62	                       INIT_L_1_C_0	00000000000000000000000000001000000000000000000000000000000000000000000000000000000000000000	00000000000000000000000000000100000000000000000000000000000000000000000000000000000000000000
FSM:	   63	                       INIT_L_1_C_0	00000000000000000000000000010000000000000000000000000000000000000000000000000000000000000000	00000000000000000000000000001000000000000000000000000000000000000000000000000000000000000000
FSM:	   64	                       INIT_L_1_C_0	00000000000000000000000000100000000000000000000000000000000000000000000000000000000000000000	00000000000000000000000000010000000000000000000000000000000000000000000000000000000000000000
FSM:	   65	                       INIT_L_1_C_0	00000000000000000000000001000000000000000000000000000000000000000000000000000000000000000000	00000000000000000000000000100000000000000000000000000000000000000000000000000000000000000000
FSM:	   66	                       INIT_L_1_C_0	00000000000000000000000010000000000000000000000000000000000000000000000000000000000000000000	00000000000000000000000001000000000000000000000000000000000000000000000000000000000000000000
FSM:	   67	                       INIT_L_1_C_0	00000000000000000000000100000000000000000000000000000000000000000000000000000000000000000000	00000000000000000000000010000000000000000000000000000000000000000000000000000000000000000000
FSM:	   68	                       INIT_L_1_C_0	00000000000000000000001000000000000000000000000000000000000000000000000000000000000000000000	00000000000000000000000100000000000000000000000000000000000000000000000000000000000000000000
FSM:	   69	                       INIT_L_1_C_0	00000000000000000000010000000000000000000000000000000000000000000000000000000000000000000000	00000000000000000000001000000000000000000000000000000000000000000000000000000000000000000000
FSM:	   70	                       INIT_L_1_C_0	00000000000000000000100000000000000000000000000000000000000000000000000000000000000000000000	00000000000000000000010000000000000000000000000000000000000000000000000000000000000000000000
FSM:	   71	                       INIT_L_1_C_0	00000000000000000001000000000000000000000000000000000000000000000000000000000000000000000000	00000000000000000000100000000000000000000000000000000000000000000000000000000000000000000000
FSM:	   72	                       INIT_L_1_C_0	00000000000000000010000000000000000000000000000000000000000000000000000000000000000000000000	00000000000000000001000000000000000000000000000000000000000000000000000000000000000000000000
FSM:	   73	                       INIT_L_1_C_0	00000000000000000100000000000000000000000000000000000000000000000000000000000000000000000000	00000000000000000010000000000000000000000000000000000000000000000000000000000000000000000000
FSM:	   74	                       INIT_L_1_C_0	00000000000000001000000000000000000000000000000000000000000000000000000000000000000000000000	00000000000000000100000000000000000000000000000000000000000000000000000000000000000000000000
FSM:	   75	                       INIT_L_1_C_0	00000000000000010000000000000000000000000000000000000000000000000000000000000000000000000000	00000000000000001000000000000000000000000000000000000000000000000000000000000000000000000000
FSM:	   76	                       INIT_L_1_C_0	00000000000000100000000000000000000000000000000000000000000000000000000000000000000000000000	00000000000000010000000000000000000000000000000000000000000000000000000000000000000000000000
FSM:	   77	                       INIT_L_1_C_0	00000000000001000000000000000000000000000000000000000000000000000000000000000000000000000000	00000000000000100000000000000000000000000000000000000000000000000000000000000000000000000000
FSM:	   78	                       INIT_L_1_C_0	00000000000010000000000000000000000000000000000000000000000000000000000000000000000000000000	00000000000001000000000000000000000000000000000000000000000000000000000000000000000000000000
FSM:	   79	                       INIT_L_1_C_0	00000000000100000000000000000000000000000000000000000000000000000000000000000000000000000000	00000000000010000000000000000000000000000000000000000000000000000000000000000000000000000000
FSM:	   80	                       INIT_L_1_C_0	00000000001000000000000000000000000000000000000000000000000000000000000000000000000000000000	00000000000100000000000000000000000000000000000000000000000000000000000000000000000000000000
FSM:	   81	                       INIT_L_1_C_0	00000000010000000000000000000000000000000000000000000000000000000000000000000000000000000000	00000000001000000000000000000000000000000000000000000000000000000000000000000000000000000000
FSM:	   82	                       INIT_L_1_C_0	00000000100000000000000000000000000000000000000000000000000000000000000000000000000000000000	00000000010000000000000000000000000000000000000000000000000000000000000000000000000000000000
FSM:	   83	                       INIT_L_1_C_0	00000001000000000000000000000000000000000000000000000000000000000000000000000000000000000000	00000000100000000000000000000000000000000000000000000000000000000000000000000000000000000000
FSM:	   84	                       INIT_L_1_C_0	00000010000000000000000000000000000000000000000000000000000000000000000000000000000000000000	00000001000000000000000000000000000000000000000000000000000000000000000000000000000000000000
FSM:	   85	                       INIT_L_1_C_0	00000100000000000000000000000000000000000000000000000000000000000000000000000000000000000000	00000010000000000000000000000000000000000000000000000000000000000000000000000000000000000000
FSM:	   86	                       INIT_L_1_C_0	00001000000000000000000000000000000000000000000000000000000000000000000000000000000000000000	00000100000000000000000000000000000000000000000000000000000000000000000000000000000000000000
FSM:	   87	                       INIT_L_1_C_0	00010000000000000000000000000000000000000000000000000000000000000000000000000000000000000000	00001000000000000000000000000000000000000000000000000000000000000000000000000000000000000000
FSM:	   88	                       INIT_L_1_C_0	00100000000000000000000000000000000000000000000000000000000000000000000000000000000000000000	00010000000000000000000000000000000000000000000000000000000000000000000000000000000000000000
FSM:	   89	                       INIT_L_1_C_0	01000000000000000000000000000000000000000000000000000000000000000000000000000000000000000000	00100000000000000000000000000000000000000000000000000000000000000000000000000000000000000000
FSM:	   90	                       INIT_L_1_C_0	10000000000000000000000000000000000000000000000000000000000000000000000000000000000000000000	01000000000000000000000000000000000000000000000000000000000000000000000000000000000000000000
FSM:	   91	                       core_rlp_C_0	00000000000000000000000000000000000000000000000000000000000000000000000000000000000000000001	10000000000000000000000000000000000000000000000000000000000000000000000000000000000000000000



