
*** Running vivado
    with args -log image_in.vds -m64 -product Vivado -mode batch -messageDb vivado.pb -notrace -source image_in.tcl


****** Vivado v2017.1 (64-bit)
  **** SW Build 1846317 on Fri Apr 14 18:54:47 MDT 2017
  **** IP Build 1846188 on Fri Apr 14 20:52:08 MDT 2017
    ** Copyright 1986-2017 Xilinx, Inc. All Rights Reserved.

source image_in.tcl -notrace
Starting RTL Elaboration : Time (s): cpu = 00:00:03 ; elapsed = 00:00:03 . Memory (MB): peak = 1186.930 ; gain = 70.004 ; free physical = 8375 ; free virtual = 20624
INFO: [Synth 8-638] synthesizing module 'image_in' [/tp-fmr/xph3sei710_Tamancoldi_Silveira/Vivado/CNN_CIFAR10/project_1/project_1.srcs/sources_1/ip/image_in/synth/image_in.vhd:70]
INFO: [Synth 8-256] done synthesizing module 'image_in' (9#1) [/tp-fmr/xph3sei710_Tamancoldi_Silveira/Vivado/CNN_CIFAR10/project_1/project_1.srcs/sources_1/ip/image_in/synth/image_in.vhd:70]
Finished RTL Elaboration : Time (s): cpu = 00:00:34 ; elapsed = 00:00:35 . Memory (MB): peak = 1391.629 ; gain = 274.703 ; free physical = 8375 ; free virtual = 20610
Finished RTL Optimization Phase 1 : Time (s): cpu = 00:00:34 ; elapsed = 00:00:37 . Memory (MB): peak = 1391.629 ; gain = 274.703 ; free physical = 8370 ; free virtual = 20605
INFO: [Device 21-403] Loading part xc7z010clg400-1
Constraint Validation Runtime : Time (s): cpu = 00:00:00.03 ; elapsed = 00:00:00.18 . Memory (MB): peak = 1535.035 ; gain = 1.000 ; free physical = 8150 ; free virtual = 20385
Finished Constraint Validation : Time (s): cpu = 00:00:40 ; elapsed = 00:00:46 . Memory (MB): peak = 1535.035 ; gain = 418.109 ; free physical = 8226 ; free virtual = 20461
Finished Loading Part and Timing Information : Time (s): cpu = 00:00:40 ; elapsed = 00:00:46 . Memory (MB): peak = 1535.035 ; gain = 418.109 ; free physical = 8226 ; free virtual = 20461
Finished applying 'set_property' XDC Constraints : Time (s): cpu = 00:00:40 ; elapsed = 00:00:46 . Memory (MB): peak = 1535.035 ; gain = 418.109 ; free physical = 8227 ; free virtual = 20462
Finished RTL Optimization Phase 2 : Time (s): cpu = 00:00:40 ; elapsed = 00:00:46 . Memory (MB): peak = 1535.035 ; gain = 418.109 ; free physical = 8219 ; free virtual = 20454
Finished Cross Boundary and Area Optimization : Time (s): cpu = 00:00:40 ; elapsed = 00:00:47 . Memory (MB): peak = 1535.035 ; gain = 418.109 ; free physical = 8220 ; free virtual = 20455
Finished Applying XDC Timing Constraints : Time (s): cpu = 00:00:45 ; elapsed = 00:00:51 . Memory (MB): peak = 1540.020 ; gain = 423.094 ; free physical = 8092 ; free virtual = 20327
Finished Timing Optimization : Time (s): cpu = 00:00:45 ; elapsed = 00:00:51 . Memory (MB): peak = 1540.020 ; gain = 423.094 ; free physical = 8092 ; free virtual = 20327
Finished Technology Mapping : Time (s): cpu = 00:00:45 ; elapsed = 00:00:51 . Memory (MB): peak = 1549.035 ; gain = 432.109 ; free physical = 8091 ; free virtual = 20326
Finished IO Insertion : Time (s): cpu = 00:00:45 ; elapsed = 00:00:51 . Memory (MB): peak = 1549.039 ; gain = 432.113 ; free physical = 8091 ; free virtual = 20326
Finished Renaming Generated Instances : Time (s): cpu = 00:00:45 ; elapsed = 00:00:51 . Memory (MB): peak = 1549.039 ; gain = 432.113 ; free physical = 8091 ; free virtual = 20326
Finished Rebuilding User Hierarchy : Time (s): cpu = 00:00:45 ; elapsed = 00:00:51 . Memory (MB): peak = 1549.039 ; gain = 432.113 ; free physical = 8091 ; free virtual = 20326
Finished Renaming Generated Ports : Time (s): cpu = 00:00:45 ; elapsed = 00:00:51 . Memory (MB): peak = 1549.039 ; gain = 432.113 ; free physical = 8091 ; free virtual = 20326
Finished Handling Custom Attributes : Time (s): cpu = 00:00:45 ; elapsed = 00:00:51 . Memory (MB): peak = 1549.039 ; gain = 432.113 ; free physical = 8091 ; free virtual = 20326
Finished Renaming Generated Nets : Time (s): cpu = 00:00:45 ; elapsed = 00:00:51 . Memory (MB): peak = 1549.039 ; gain = 432.113 ; free physical = 8091 ; free virtual = 20326

Report Cell Usage: 
+------+---------+------+
|      |Cell     |Count |
+------+---------+------+
|1     |RAMB36E1 |     1|
+------+---------+------+
Finished Writing Synthesis Report : Time (s): cpu = 00:00:45 ; elapsed = 00:00:51 . Memory (MB): peak = 1549.039 ; gain = 432.113 ; free physical = 8091 ; free virtual = 20326
synth_design: Time (s): cpu = 00:00:46 ; elapsed = 00:00:52 . Memory (MB): peak = 1554.039 ; gain = 449.695 ; free physical = 8118 ; free virtual = 20353
