Copyright 1986-2017 Xilinx, Inc. All Rights Reserved.
----------------------------------------------------------------------------------------------------------------------------------------------------------------------
| Tool Version     : Vivado v.2017.1 (lin64) Build 1846317 Fri Apr 14 18:54:47 MDT 2017
| Date             : Fri Jan 25 10:48:01 2019
| Host             : ocaepc56 running 64-bit unknown
| Command          : report_power -file design_1_wrapper_power_routed.rpt -pb design_1_wrapper_power_summary_routed.pb -rpx design_1_wrapper_power_routed.rpx
| Design           : design_1_wrapper
| Device           : xc7z010clg400-1
| Design State     : routed
| Grade            : commercial
| Process          : typical
| Characterization : Production
----------------------------------------------------------------------------------------------------------------------------------------------------------------------

Power Report

Table of Contents
-----------------
1. Summary
1.1 On-Chip Components
1.2 Power Supply Summary
1.3 Confidence Level
2. Settings
2.1 Environment
2.2 Clock Constraints
3. Detailed Reports
3.1 By Hierarchy

1. Summary
----------

+--------------------------+-------+
| Total On-Chip Power (W)  | 1.834 |
| Dynamic (W)              | 1.697 |
| Device Static (W)        | 0.136 |
| Effective TJA (C/W)      | 11.5  |
| Max Ambient (C)          | 63.8  |
| Junction Temperature (C) | 46.2  |
| Confidence Level         | Low   |
| Setting File             | ---   |
| Simulation Activity File | ---   |
| Design Nets Matched      | NA    |
+--------------------------+-------+


1.1 On-Chip Components
----------------------

+-------------------------+-----------+----------+-----------+-----------------+
| On-Chip                 | Power (W) | Used     | Available | Utilization (%) |
+-------------------------+-----------+----------+-----------+-----------------+
| Clocks                  |     0.003 |       10 |       --- |             --- |
| Slice Logic             |     0.004 |     4370 |       --- |             --- |
|   LUT as Logic          |     0.004 |     2504 |     17600 |           14.23 |
|   Register              |    <0.001 |     1310 |     35200 |            3.72 |
|   CARRY4                |    <0.001 |      101 |      4400 |            2.30 |
|   LUT as Shift Register |    <0.001 |       10 |      6000 |            0.17 |
|   F7/F8 Muxes           |    <0.001 |       31 |     17600 |            0.18 |
|   Others                |     0.000 |      283 |       --- |             --- |
| Signals                 |     0.006 |     3330 |       --- |             --- |
| Block RAM               |     0.007 |       38 |        60 |           63.33 |
| MMCM                    |     0.115 |        1 |         2 |           50.00 |
| DSPs                    |    <0.001 |        2 |        80 |            2.50 |
| I/O                     |     0.007 |       43 |       100 |           43.00 |
| PS7                     |     1.554 |        1 |       --- |             --- |
| Static Power            |     0.136 |          |           |                 |
| Total                   |     1.834 |          |           |                 |
+-------------------------+-----------+----------+-----------+-----------------+


1.2 Power Supply Summary
------------------------

+-----------+-------------+-----------+-------------+------------+
| Source    | Voltage (V) | Total (A) | Dynamic (A) | Static (A) |
+-----------+-------------+-----------+-------------+------------+
| Vccint    |       1.000 |     0.030 |       0.021 |      0.009 |
| Vccaux    |       1.800 |     0.076 |       0.064 |      0.012 |
| Vcco33    |       3.300 |     0.003 |       0.002 |      0.001 |
| Vcco25    |       2.500 |     0.000 |       0.000 |      0.000 |
| Vcco18    |       1.800 |     0.000 |       0.000 |      0.000 |
| Vcco15    |       1.500 |     0.000 |       0.000 |      0.000 |
| Vcco135   |       1.350 |     0.000 |       0.000 |      0.000 |
| Vcco12    |       1.200 |     0.000 |       0.000 |      0.000 |
| Vccaux_io |       1.800 |     0.000 |       0.000 |      0.000 |
| Vccbram   |       1.000 |     0.004 |       0.001 |      0.003 |
| MGTAVcc   |       1.000 |     0.000 |       0.000 |      0.000 |
| MGTAVtt   |       1.200 |     0.000 |       0.000 |      0.000 |
| MGTVccaux |       1.800 |     0.000 |       0.000 |      0.000 |
| Vccpint   |       1.000 |     0.733 |       0.701 |      0.032 |
| Vccpaux   |       1.800 |     0.085 |       0.074 |      0.010 |
| Vccpll    |       1.800 |     0.017 |       0.014 |      0.003 |
| Vcco_ddr  |       1.500 |     0.458 |       0.456 |      0.002 |
| Vcco_mio0 |       3.300 |     0.003 |       0.002 |      0.001 |
| Vcco_mio1 |       1.800 |     0.004 |       0.003 |      0.001 |
| Vccadc    |       1.800 |     0.020 |       0.000 |      0.020 |
+-----------+-------------+-----------+-------------+------------+


1.3 Confidence Level
--------------------

+-----------------------------+------------+--------------------------------------------------------+------------------------------------------------------------------------------------------------------------+
| User Input Data             | Confidence | Details                                                | Action                                                                                                     |
+-----------------------------+------------+--------------------------------------------------------+------------------------------------------------------------------------------------------------------------+
| Design implementation state | High       | Design is routed                                       |                                                                                                            |
| Clock nodes activity        | High       | User specified more than 95% of clocks                 |                                                                                                            |
| I/O nodes activity          | Low        | More than 75% of inputs are missing user specification | Provide missing input activity with simulation results or by editing the "By Resource Type -> I/Os" view   |
| Internal nodes activity     | Medium     | User specified less than 25% of internal nodes         | Provide missing internal nodes activity with simulation results or by editing the "By Resource Type" views |
| Device models               | High       | Device models are Production                           |                                                                                                            |
|                             |            |                                                        |                                                                                                            |
| Overall confidence level    | Low        |                                                        |                                                                                                            |
+-----------------------------+------------+--------------------------------------------------------+------------------------------------------------------------------------------------------------------------+


2. Settings
-----------

2.1 Environment
---------------

+-----------------------+------------------------+
| Ambient Temp (C)      | 25.0                   |
| ThetaJA (C/W)         | 11.5                   |
| Airflow (LFM)         | 250                    |
| Heat Sink             | none                   |
| ThetaSA (C/W)         | 0.0                    |
| Board Selection       | medium (10"x10")       |
| # of Board Layers     | 8to11 (8 to 11 Layers) |
| Board Temperature (C) | 25.0                   |
+-----------------------+------------------------+


2.2 Clock Constraints
---------------------

+---------------------------------+---------------------------------------------------------+-----------------+
| Clock                           | Domain                                                  | Constraint (ns) |
+---------------------------------+---------------------------------------------------------+-----------------+
| cam_clk_pin                     | CAMERA_PCLK                                             |            40.0 |
| clk_out1_design_1_clk_wiz_0_0   | design_1_i/clk_wiz_0/inst/clk_out1_design_1_clk_wiz_0_0 |            40.0 |
| clk_out1_design_1_clk_wiz_0_0_1 | design_1_i/clk_wiz_0/inst/clk_out1_design_1_clk_wiz_0_0 |            40.0 |
| clkfbout_design_1_clk_wiz_0_0   | design_1_i/clk_wiz_0/inst/clkfbout_design_1_clk_wiz_0_0 |            40.0 |
| clkfbout_design_1_clk_wiz_0_0_1 | design_1_i/clk_wiz_0/inst/clkfbout_design_1_clk_wiz_0_0 |            40.0 |
| pl_clk                          | pl_clk                                                  |             8.0 |
| sys_clk_pin                     | pl_clk                                                  |             8.0 |
+---------------------------------+---------------------------------------------------------+-----------------+


3. Detailed Reports
-------------------

3.1 By Hierarchy
----------------

+------------------------------------------------+-----------+
| Name                                           | Power (W) |
+------------------------------------------------+-----------+
| design_1_wrapper                               |     1.697 |
|   cam                                          |     0.021 |
|     BIAS_1                                     |    <0.001 |
|       U0                                       |    <0.001 |
|         inst_blk_mem_gen                       |    <0.001 |
|           gnbram.gnativebmg.native_blk_mem_gen |    <0.001 |
|             valid.cstr                         |    <0.001 |
|               ramloop[0].ram.r                 |    <0.001 |
|                 prim_init.ram                  |    <0.001 |
|     BIAS_2                                     |    <0.001 |
|       U0                                       |    <0.001 |
|         inst_blk_mem_gen                       |    <0.001 |
|           gnbram.gnativebmg.native_blk_mem_gen |    <0.001 |
|             valid.cstr                         |    <0.001 |
|               ramloop[0].ram.r                 |    <0.001 |
|                 prim_init.ram                  |    <0.001 |
|     BIAS_3                                     |    <0.001 |
|       U0                                       |    <0.001 |
|         inst_blk_mem_gen                       |    <0.001 |
|           gnbram.gnativebmg.native_blk_mem_gen |    <0.001 |
|             valid.cstr                         |    <0.001 |
|               ramloop[0].ram.r                 |    <0.001 |
|                 prim_init.ram                  |    <0.001 |
|     CNN_main_map                               |     0.013 |
|       CNN_main_simple_core_inst                |     0.011 |
|         CNN_main_simple_core_core_fsm_inst     |     0.005 |
|       memory_1_rsc_comp_mem                    |     0.001 |
|       memory_2_rsc_comp_mem                    |    <0.001 |
|     FILTER_1                                   |    <0.001 |
|       U0                                       |    <0.001 |
|         inst_blk_mem_gen                       |    <0.001 |
|           gnbram.gnativebmg.native_blk_mem_gen |    <0.001 |
|             valid.cstr                         |    <0.001 |
|               ramloop[0].ram.r                 |    <0.001 |
|                 prim_noinit.ram                |    <0.001 |
|     FILTER_2                                   |     0.001 |
|       U0                                       |     0.001 |
|         inst_blk_mem_gen                       |     0.001 |
|           gnbram.gnativebmg.native_blk_mem_gen |     0.001 |
|             valid.cstr                         |     0.001 |
|               bindec_a.bindec_inst_a           |    <0.001 |
|               has_mux_a.A                      |    <0.001 |
|               ramloop[0].ram.r                 |    <0.001 |
|                 prim_init.ram                  |    <0.001 |
|               ramloop[1].ram.r                 |    <0.001 |
|                 prim_init.ram                  |    <0.001 |
|               ramloop[2].ram.r                 |    <0.001 |
|                 prim_init.ram                  |    <0.001 |
|               ramloop[3].ram.r                 |    <0.001 |
|                 prim_init.ram                  |    <0.001 |
|               ramloop[4].ram.r                 |    <0.001 |
|                 prim_init.ram                  |    <0.001 |
|               ramloop[5].ram.r                 |    <0.001 |
|                 prim_init.ram                  |    <0.001 |
|               ramloop[6].ram.r                 |    <0.001 |
|                 prim_init.ram                  |    <0.001 |
|               ramloop[7].ram.r                 |    <0.001 |
|                 prim_init.ram                  |    <0.001 |
|               ramloop[8].ram.r                 |    <0.001 |
|                 prim_init.ram                  |    <0.001 |
|     FILTER_3                                   |     0.001 |
|       U0                                       |     0.001 |
|         inst_blk_mem_gen                       |     0.001 |
|           gnbram.gnativebmg.native_blk_mem_gen |     0.001 |
|             valid.cstr                         |     0.001 |
|               bindec_a.bindec_inst_a           |    <0.001 |
|               has_mux_a.A                      |    <0.001 |
|               ramloop[0].ram.r                 |    <0.001 |
|                 prim_init.ram                  |    <0.001 |
|               ramloop[1].ram.r                 |    <0.001 |
|                 prim_init.ram                  |    <0.001 |
|               ramloop[2].ram.r                 |    <0.001 |
|                 prim_init.ram                  |    <0.001 |
|     Image_block                                |    <0.001 |
|       U0                                       |    <0.001 |
|         inst_blk_mem_gen                       |    <0.001 |
|           gnbram.gnativebmg.native_blk_mem_gen |    <0.001 |
|             valid.cstr                         |    <0.001 |
|               ramloop[0].ram.r                 |    <0.001 |
|                 prim_init.ram                  |    <0.001 |
|     Perceptron_B                               |    <0.001 |
|       U0                                       |    <0.001 |
|         inst_blk_mem_gen                       |    <0.001 |
|           gnbram.gnativebmg.native_blk_mem_gen |    <0.001 |
|             valid.cstr                         |    <0.001 |
|               ramloop[0].ram.r                 |    <0.001 |
|                 prim_init.ram                  |    <0.001 |
|     Perceptron_W                               |    <0.001 |
|       U0                                       |    <0.001 |
|         inst_blk_mem_gen                       |    <0.001 |
|           gnbram.gnativebmg.native_blk_mem_gen |    <0.001 |
|             valid.cstr                         |    <0.001 |
|               ramloop[0].ram.r                 |    <0.001 |
|                 prim_init.ram                  |    <0.001 |
|     RGB2Lum                                    |    <0.001 |
|     cam                                        |    <0.001 |
|     memo                                       |    <0.001 |
|       U0                                       |    <0.001 |
|         inst_blk_mem_gen                       |    <0.001 |
|           gnbram.gnativebmg.native_blk_mem_gen |    <0.001 |
|             valid.cstr                         |    <0.001 |
|               bindec_a.bindec_inst_a           |    <0.001 |
|               bindec_b.bindec_inst_b           |    <0.001 |
|               has_mux_b.B                      |    <0.001 |
|               ramloop[0].ram.r                 |    <0.001 |
|                 prim_noinit.ram                |    <0.001 |
|               ramloop[10].ram.r                |    <0.001 |
|                 prim_noinit.ram                |    <0.001 |
|               ramloop[11].ram.r                |    <0.001 |
|                 prim_noinit.ram                |    <0.001 |
|               ramloop[12].ram.r                |    <0.001 |
|                 prim_noinit.ram                |    <0.001 |
|               ramloop[13].ram.r                |    <0.001 |
|                 prim_noinit.ram                |    <0.001 |
|               ramloop[14].ram.r                |    <0.001 |
|                 prim_noinit.ram                |    <0.001 |
|               ramloop[15].ram.r                |    <0.001 |
|                 prim_noinit.ram                |    <0.001 |
|               ramloop[16].ram.r                |    <0.001 |
|                 prim_noinit.ram                |    <0.001 |
|               ramloop[17].ram.r                |    <0.001 |
|                 prim_noinit.ram                |    <0.001 |
|               ramloop[18].ram.r                |    <0.001 |
|                 prim_noinit.ram                |    <0.001 |
|               ramloop[1].ram.r                 |    <0.001 |
|                 prim_noinit.ram                |    <0.001 |
|               ramloop[2].ram.r                 |    <0.001 |
|                 prim_noinit.ram                |    <0.001 |
|               ramloop[3].ram.r                 |    <0.001 |
|                 prim_noinit.ram                |    <0.001 |
|               ramloop[4].ram.r                 |    <0.001 |
|                 prim_noinit.ram                |    <0.001 |
|               ramloop[5].ram.r                 |    <0.001 |
|                 prim_noinit.ram                |    <0.001 |
|               ramloop[6].ram.r                 |    <0.001 |
|                 prim_noinit.ram                |    <0.001 |
|               ramloop[7].ram.r                 |    <0.001 |
|                 prim_noinit.ram                |    <0.001 |
|               ramloop[8].ram.r                 |    <0.001 |
|                 prim_noinit.ram                |    <0.001 |
|               ramloop[9].ram.r                 |    <0.001 |
|                 prim_noinit.ram                |    <0.001 |
|     rd                                         |    <0.001 |
|       C_Sync                                   |    <0.001 |
|   design_1_i                                   |     1.670 |
|     clk_wiz_0                                  |     0.115 |
|       inst                                     |     0.115 |
|     processing_system7_0                       |     1.554 |
|       inst                                     |     1.554 |
|   iic_scl_iobuf                                |    <0.001 |
|   iic_sda_iobuf                                |    <0.001 |
+------------------------------------------------+-----------+


