//  Catapult University Version 2011a.62 (Production Release) Wed Nov 23 15:08:20 PST 2011
//  
//  Copyright (c) Calypto Design Systems, Inc., 1996-2011, All Rights Reserved.
//                       UNPUBLISHED, LICENSED SOFTWARE.
//            CONFIDENTIAL AND PROPRIETARY INFORMATION WHICH IS THE
//          PROPERTY OF CALYPTO DESIGN SYSTEMS OR ITS LICENSORS
//  
//  Running on Linux xph3seiaba@cimeld20 3.2.0-4-amd64 #1 SMP Debian 3.2.60-1+deb7u3 x86_64
//  
//  Package information: SIFLIBS v17.0_1.1, HLS_PKGS v17.0_1.1, 
//                       DesignPad v2.78_0.0
//  
//  This version may only be used for academic purposes.  Some optimizations 
//  are disabled, so results obtained from this version may be sub-optimal.
//  
//  Start time Fri Oct 24 14:01:12 2014
# -------------------------------------------------
# Logging session transcript to file "/softslin/catapult2011a_62/Mgc_home//tmp/log9356f372e10c.0"
solution file add ./lab1.cpp
# /INPUTFILES/1
options set Output OutputVerilog true
# true
options set Output OutputSystemC true
# true
options save
# Saving options to file '$HOME/.catapult/2011a.62.ixl.reg'.
go analyze
# Creating project directory '/tp-fmr/TP_SYSTEMC/TP7.HLS/catapultlabs/lab1/Catapult'. (PRJ-1)
# Moving session transcript to file "/tp-fmr/TP_SYSTEMC/TP7.HLS/catapultlabs/lab1/catapult.log"
# Info: Starting transformation 'analyze' on solution 'solution.v1' (SOL-8)
# Front End called with arguments: -- /tp-fmr/TP_SYSTEMC/TP7.HLS/catapultlabs/lab1/lab1.cpp (CIN-69)
# Edison Design Group C++/C Front End - Version 3.10.1 (CIN-1)
# $PROJECT_HOME/lab1.cpp(18): Pragma 'hls_design<top>' detected on routine 'lab1' (CIN-6)
# Source file analysis completed (CIN-68)
# Info: Completed transformation 'analyze' on solution 'solution.v1': elapsed time -0.00 seconds, memory usage 223016kB, peak memory usage 223016kB (SOL-9)
directive set -TECHLIBS {{/softslin/catapult2011a_62/Mgc_home/pkgs/siflibs/psr2010a_up2/mgc_Altera-Stratix-II-3_beh_psr.lib {{mgc_Altera-Stratix-II-3_beh_psr part EP2S15F484C}}}}
# /TECHLIBS {{/softslin/catapult2011a_62/Mgc_home/pkgs/siflibs/psr2010a_up2/mgc_Altera-Stratix-II-3_beh_psr.lib {{mgc_Altera-Stratix-II-3_beh_psr part EP2S15F484C}}}}
directive set -CLOCKS {clk {-CLOCK_PERIOD 10.00 -CLOCK_EDGE rising -CLOCK_HIGH_TIME 5.00 -CLOCK_OFFSET 0.000000 -CLOCK_UNCERTAINTY 0.0 -RESET_KIND sync -RESET_SYNC_NAME rst -RESET_SYNC_ACTIVE high -RESET_ASYNC_NAME arst_n -RESET_ASYNC_ACTIVE low -ENABLE_NAME {} -ENABLE_ACTIVE high}}
# /CLOCKS {clk {-CLOCK_PERIOD 10.0 -CLOCK_EDGE rising -CLOCK_UNCERTAINTY 0.0 -CLOCK_HIGH_TIME 5.0 -RESET_SYNC_NAME rst -RESET_ASYNC_NAME arst_n -RESET_KIND sync -RESET_SYNC_ACTIVE high -RESET_ASYNC_ACTIVE low -ENABLE_NAME {} -ENABLE_ACTIVE high}}
go allocate
# Info: Starting transformation 'compile' on solution 'solution.v1' (SOL-8)
# Reading component library '/softslin/catapult2011a_62/Mgc_home/pkgs/siflibs/mgc_busdefs.lib' [mgc_busdefs]... (LIB-49)
# Reading component library '/softslin/catapult2011a_62/Mgc_home/pkgs/siflibs/stdops.lib' [STDOPS]... (LIB-49)
# Reading component library '/softslin/catapult2011a_62/Mgc_home/pkgs/siflibs/mgc_ioport.lib' [mgc_ioport]... (LIB-49)
# Reading component library '/softslin/catapult2011a_62/Mgc_home/pkgs/siflibs/psr2010a_up2/mgc_Altera-Stratix-II-3_beh_psr.lib' [mgc_Altera-Stratix-II-3_beh_psr]... (LIB-49)
# Generating synthesis internal form... (CIN-3)
# $PROJECT_HOME/lab1.cpp(19): Found top design routine 'lab1' specified by directive (CIN-52)
# $PROJECT_HOME/lab1.cpp(19): Synthesizing routine 'lab1' (CIN-13)
# $PROJECT_HOME/lab1.cpp(19): Inlining routine 'lab1' (CIN-14)
# $PROJECT_HOME/lab1.cpp(19): Optimizing block '/lab1' ... (CIN-4)
# $PROJECT_HOME/lab1.cpp(19): Inout port 'a' is only used as an input. (OPT-10)
# $PROJECT_HOME/lab1.cpp(19): Inout port 'b' is only used as an input. (OPT-10)
# $PROJECT_HOME/lab1.cpp(19): Inout port 'c' is only used as an output. (OPT-11)
# Info: Optimizing partition '/lab1': (Total ops = 27, Real ops = 7, Vars = 16) (SOL-10)
# Info: Optimizing partition '/lab1/core': (Total ops = 27, Real ops = 7, Vars = 13) (SOL-10)
# Info: Optimizing partition '/lab1/core': (Total ops = 27, Real ops = 7, Vars = 13) (SOL-10)
# Info: Optimizing partition '/lab1': (Total ops = 27, Real ops = 7, Vars = 16) (SOL-10)
# Info: Optimizing partition '/lab1': (Total ops = 27, Real ops = 7, Vars = 16) (SOL-10)
# Info: Optimizing partition '/lab1/core': (Total ops = 27, Real ops = 7, Vars = 13) (SOL-10)
# Info: Optimizing partition '/lab1/core': (Total ops = 15, Real ops = 7, Vars = 7) (SOL-10)
# Info: Optimizing partition '/lab1': (Total ops = 15, Real ops = 7, Vars = 10) (SOL-10)
# Info: Optimizing partition '/lab1': (Total ops = 15, Real ops = 7, Vars = 10) (SOL-10)
# Info: Optimizing partition '/lab1/core': (Total ops = 12, Real ops = 4, Vars = 10) (SOL-10)
# Info: Optimizing partition '/lab1/core': (Total ops = 13, Real ops = 4, Vars = 1) (SOL-10)
# Info: Optimizing partition '/lab1': (Total ops = 13, Real ops = 4, Vars = 4) (SOL-10)
# Info: Optimizing partition '/lab1/core': (Total ops = 13, Real ops = 4, Vars = 1) (SOL-10)
# Info: Optimizing partition '/lab1': (Total ops = 13, Real ops = 4, Vars = 4) (SOL-10)
# Info: Optimizing partition '/lab1': (Total ops = 13, Real ops = 4, Vars = 4) (SOL-10)
# Info: Optimizing partition '/lab1/core': (Total ops = 13, Real ops = 4, Vars = 1) (SOL-10)
# $PROJECT_HOME/lab1.cpp(21): Loop '/lab1/core/ACC' iterated at most 8 times. (LOOP-2)
# Info: Optimizing partition '/lab1/core': (Total ops = 16, Real ops = 4, Vars = 1) (SOL-10)
# Info: Optimizing partition '/lab1/core': (Total ops = 12, Real ops = 2, Vars = 1) (SOL-10)
# Info: Optimizing partition '/lab1': (Total ops = 12, Real ops = 2, Vars = 4) (SOL-10)
# Info: Optimizing partition '/lab1/core': (Total ops = 11, Real ops = 2, Vars = 2) (SOL-10)
# Info: Optimizing partition '/lab1/core': (Total ops = 11, Real ops = 2, Vars = 1) (SOL-10)
# Info: Optimizing partition '/lab1': (Total ops = 11, Real ops = 2, Vars = 4) (SOL-10)
# Info: Optimizing partition '/lab1/core': (Total ops = 11, Real ops = 2, Vars = 1) (SOL-10)
# Info: Optimizing partition '/lab1': (Total ops = 11, Real ops = 2, Vars = 4) (SOL-10)
# Design 'lab1' was read (SOL-1)
# Info: Completed transformation 'compile' on solution 'lab1.v1': elapsed time 0.30 seconds, memory usage 227556kB, peak memory usage 227556kB (SOL-9)
# Info: Starting transformation 'architect' on solution 'lab1.v1' (SOL-8)
# $PROJECT_HOME/lab1.cpp(21): Loop '/lab1/core/ACC' is left rolled. (LOOP-4)
# $PROJECT_HOME/lab1.cpp(19): Loop '/lab1/core/main' is left rolled. (LOOP-4)
# $PROJECT_HOME/lab1.cpp(19): I/O-Port inferred - resource 'a:rsc' (from var: a) mapped to 'mgc_ioport.mgc_in_wire' (size: 256). (MEM-2)
# $PROJECT_HOME/lab1.cpp(19): I/O-Port inferred - resource 'b:rsc' (from var: b) mapped to 'mgc_ioport.mgc_in_wire' (size: 256). (MEM-2)
# $PROJECT_HOME/lab1.cpp(19): I/O-Port inferred - resource 'c:rsc' (from var: c) mapped to 'mgc_ioport.mgc_out_stdreg' (size: 256). (MEM-2)
# Info: Optimizing partition '/lab1': (Total ops = 23, Real ops = 3, Vars = 8) (SOL-10)
# Info: Optimizing partition '/lab1/core': (Total ops = 23, Real ops = 3, Vars = 3) (SOL-10)
# Info: Optimizing partition '/lab1/core': (Total ops = 37, Real ops = 3, Vars = 4) (SOL-10)
# Info: Optimizing partition '/lab1': (Total ops = 37, Real ops = 3, Vars = 9) (SOL-10)
# Info: Optimizing partition '/lab1/core': (Total ops = 80, Real ops = 3, Vars = 12) (SOL-10)
# Info: Optimizing partition '/lab1/core': (Total ops = 80, Real ops = 3, Vars = 11) (SOL-10)
# Info: Optimizing partition '/lab1': (Total ops = 80, Real ops = 3, Vars = 16) (SOL-10)
# Info: Optimizing partition '/lab1': (Total ops = 80, Real ops = 3, Vars = 17) (SOL-10)
# Info: Optimizing partition '/lab1/core': (Total ops = 95, Real ops = 3, Vars = 28) (SOL-10)
# Info: Optimizing partition '/lab1/core': (Total ops = 87, Real ops = 3, Vars = 18) (SOL-10)
# Info: Optimizing partition '/lab1': (Total ops = 87, Real ops = 3, Vars = 23) (SOL-10)
# Info: Optimizing partition '/lab1/core': (Total ops = 296, Real ops = 19, Vars = 164) (SOL-10)
# Info: Optimizing partition '/lab1/core': (Total ops = 90, Real ops = 25, Vars = 34) (SOL-10)
# Design 'lab1' contains '27' real operations. (SOL-11)
# Info: Completed transformation 'architect' on solution 'lab1.v1': elapsed time 0.46 seconds, memory usage 227820kB, peak memory usage 227820kB (SOL-9)
# Info: Starting transformation 'allocate' on solution 'lab1.v1' (SOL-8)
# Performing concurrent resource allocation and scheduling on '/lab1/core' (CRAAS-1)
# Info: Select qualified components for data operations ... (CRAAS-3)
# Info: Apply resource constraints on data operations ... (CRAAS-4)
# $PROJECT_HOME/lab1.cpp(21): Prescheduled LOOP 'ACC' (2 c-steps) (SCHD-7)
# $PROJECT_HOME/lab1.cpp(19): Prescheduled LOOP 'main' (1 c-steps) (SCHD-7)
# $PROJECT_HOME/lab1.cpp(19): Prescheduled SEQUENTIAL 'core' (total length 17 c-steps) (SCHD-8)
# Info: Initial schedule of SEQUENTIAL 'core': Latency = 15, Area (Datapath, Register, Total) = 399.12, 0.00, 399.12 (CRAAS-11)
# At least one feasible schedule exists. (CRAAS-9)
# Info: Final schedule of SEQUENTIAL 'core': Latency = 15, Area (Datapath, Register, Total) = 399.12, 0.00, 399.12 (CRAAS-12)
# Resource allocation and scheduling done. (CRAAS-2)
# Netlist written to file 'schedule.gnt' (NET-4)
# Info: Completed transformation 'allocate' on solution 'lab1.v1': elapsed time 0.14 seconds, memory usage 227952kB, peak memory usage 227952kB (SOL-9)
go extract
# Info: Starting transformation 'schedule' on solution 'lab1.v1' (SOL-8)
# Performing concurrent resource allocation and scheduling on '/lab1/core' (CRAAS-1)
# Global signal 'a:rsc.z' added to design 'lab1' for component 'a:rsc:mgc_in_wire' (LIB-3)
# Global signal 'b:rsc.z' added to design 'lab1' for component 'b:rsc:mgc_in_wire' (LIB-3)
# Global signal 'c:rsc.z' added to design 'lab1' for component 'c:rsc:mgc_out_stdreg' (LIB-3)
# Info: Optimizing partition '/lab1': (Total ops = 131, Real ops = 28, Vars = 75) (SOL-10)
# Info: Optimizing partition '/lab1/lab1:core': (Total ops = 119, Real ops = 27, Vars = 66) (SOL-10)
# Info: Optimizing partition '/lab1/lab1:core/core': (Total ops = 90, Real ops = 27, Vars = 62) (SOL-10)
# Info: Optimizing partition '/lab1/lab1:core/core': (Total ops = 71, Real ops = 27, Vars = 28) (SOL-10)
# Info: Optimizing partition '/lab1': (Total ops = 87, Real ops = 27, Vars = 41) (SOL-10)
# Info: Optimizing partition '/lab1/lab1:core': (Total ops = 76, Real ops = 27, Vars = 33) (SOL-10)
# Info: Optimizing partition '/lab1/lab1:core/core': (Total ops = 71, Real ops = 27, Vars = 28) (SOL-10)
# Info: Optimizing partition '/lab1': (Total ops = 87, Real ops = 27, Vars = 41) (SOL-10)
# Info: Optimizing partition '/lab1/lab1:core': (Total ops = 76, Real ops = 27, Vars = 33) (SOL-10)
# Report written to file 'cycle.rpt'
# Netlist written to file 'cycle.vhdl' (NET-4)
# Netlist written to file 'cycle.v' (NET-4)
# Netlist written to file 'cycle.cxx' (NET-4)
# Info: Completed transformation 'schedule' on solution 'lab1.v1': elapsed time 2.02 seconds, memory usage 237952kB, peak memory usage 237952kB (SOL-9)
# Info: Starting transformation 'dpfsm' on solution 'lab1.v1' (SOL-8)
# Performing FSM extraction... (FSM-1)
# Info: Optimizing partition '/lab1': (Total ops = 274, Real ops = 116, Vars = 267) (SOL-10)
# Info: Optimizing partition '/lab1/lab1:core': (Total ops = 263, Real ops = 116, Vars = 259) (SOL-10)
# Info: Optimizing partition '/lab1/lab1:core/lab1:core:fsm': (Total ops = 8, Real ops = 2, Vars = 18) (SOL-10)
# Info: Optimizing partition '/lab1/lab1:core/lab1:core:fsm/lab1:core:fsm': (Total ops = 1, Real ops = 1, Vars = 1) (SOL-10)
# Info: Optimizing partition '/lab1': (Total ops = 210, Real ops = 94, Vars = 60) (SOL-10)
# Info: Optimizing partition '/lab1/lab1:core': (Total ops = 199, Real ops = 94, Vars = 52) (SOL-10)
# Info: Optimizing partition '/lab1/lab1:core/lab1:core:fsm': (Total ops = 7, Real ops = 2, Vars = 5) (SOL-10)
# Info: Optimizing partition '/lab1/lab1:core/lab1:core:fsm/lab1:core:fsm': (Total ops = 1, Real ops = 1, Vars = 1) (SOL-10)
# Info: Optimizing partition '/lab1': (Total ops = 184, Real ops = 87, Vars = 61) (SOL-10)
# Info: Optimizing partition '/lab1/lab1:core': (Total ops = 173, Real ops = 87, Vars = 53) (SOL-10)
# Info: Optimizing partition '/lab1/lab1:core/lab1:core:fsm': (Total ops = 7, Real ops = 2, Vars = 5) (SOL-10)
# Info: Optimizing partition '/lab1/lab1:core/lab1:core:fsm/lab1:core:fsm': (Total ops = 1, Real ops = 1, Vars = 1) (SOL-10)
# Info: Optimizing partition '/lab1': (Total ops = 184, Real ops = 87, Vars = 60) (SOL-10)
# Info: Optimizing partition '/lab1/lab1:core': (Total ops = 173, Real ops = 87, Vars = 52) (SOL-10)
# Info: Optimizing partition '/lab1/lab1:core/lab1:core:fsm': (Total ops = 7, Real ops = 2, Vars = 5) (SOL-10)
# Info: Optimizing partition '/lab1/lab1:core': (Total ops = 173, Real ops = 87, Vars = 52) (SOL-10)
# Info: Optimizing partition '/lab1': (Total ops = 184, Real ops = 87, Vars = 60) (SOL-10)
# Info: Optimizing partition '/lab1': (Total ops = 184, Real ops = 87, Vars = 60) (SOL-10)
# Info: Optimizing partition '/lab1/lab1:core': (Total ops = 173, Real ops = 87, Vars = 52) (SOL-10)
# Info: Optimizing partition '/lab1/lab1:core/lab1:core:fsm': (Total ops = 7, Real ops = 2, Vars = 5) (SOL-10)
# Info: Optimizing partition '/lab1/lab1:core/lab1:core:fsm/lab1:core:fsm': (Total ops = 1, Real ops = 1, Vars = 1) (SOL-10)
# Info: Optimizing partition '/lab1': (Total ops = 184, Real ops = 87, Vars = 60) (SOL-10)
# Info: Optimizing partition '/lab1/lab1:core': (Total ops = 173, Real ops = 87, Vars = 52) (SOL-10)
# Info: Optimizing partition '/lab1/lab1:core/lab1:core:fsm': (Total ops = 7, Real ops = 2, Vars = 5) (SOL-10)
# Info: Optimizing partition '/lab1/lab1:core/lab1:core:fsm/lab1:core:fsm': (Total ops = 1, Real ops = 1, Vars = 1) (SOL-10)
# Info: Completed transformation 'dpfsm' on solution 'lab1.v1': elapsed time 0.32 seconds, memory usage 237952kB, peak memory usage 237952kB (SOL-9)
# Info: Starting transformation 'extract' on solution 'lab1.v1' (SOL-8)
# Info: Optimizing partition '/lab1': (Total ops = 216, Real ops = 94, Vars = 208) (SOL-10)
# Info: Optimizing partition '/lab1/lab1:core': (Total ops = 205, Real ops = 94, Vars = 200) (SOL-10)
# Info: Optimizing partition '/lab1/lab1:core/lab1:core:fsm': (Total ops = 7, Real ops = 2, Vars = 5) (SOL-10)
# Info: Optimizing partition '/lab1/lab1:core/lab1:core:fsm/lab1:core:fsm': (Total ops = 1, Real ops = 1, Vars = 1) (SOL-10)
# Info: Optimizing partition '/lab1': (Total ops = 115, Real ops = 59, Vars = 49) (SOL-10)
# Info: Optimizing partition '/lab1/lab1:core': (Total ops = 104, Real ops = 59, Vars = 41) (SOL-10)
# Info: Optimizing partition '/lab1/lab1:core/lab1:core:fsm': (Total ops = 7, Real ops = 2, Vars = 5) (SOL-10)
# Info: Optimizing partition '/lab1/lab1:core/lab1:core:fsm/lab1:core:fsm': (Total ops = 1, Real ops = 1, Vars = 1) (SOL-10)
# Info: Optimizing partition '/lab1': (Total ops = 115, Real ops = 59, Vars = 49) (SOL-10)
# Info: Optimizing partition '/lab1/lab1:core': (Total ops = 104, Real ops = 59, Vars = 41) (SOL-10)
# Info: Optimizing partition '/lab1/lab1:core/lab1:core:fsm': (Total ops = 7, Real ops = 2, Vars = 5) (SOL-10)
# Info: Optimizing partition '/lab1/lab1:core': (Total ops = 104, Real ops = 59, Vars = 41) (SOL-10)
# Info: Optimizing partition '/lab1': (Total ops = 115, Real ops = 59, Vars = 49) (SOL-10)
# Info: Optimizing partition '/lab1': (Total ops = 115, Real ops = 59, Vars = 49) (SOL-10)
# Info: Optimizing partition '/lab1/lab1:core': (Total ops = 104, Real ops = 59, Vars = 41) (SOL-10)
# Info: Optimizing partition '/lab1/lab1:core/lab1:core:fsm': (Total ops = 7, Real ops = 2, Vars = 5) (SOL-10)
# Info: Optimizing partition '/lab1/lab1:core/lab1:core:fsm/lab1:core:fsm': (Total ops = 1, Real ops = 1, Vars = 1) (SOL-10)
# Info: Optimizing partition '/lab1': (Total ops = 115, Real ops = 59, Vars = 49) (SOL-10)
# Info: Optimizing partition '/lab1/lab1:core': (Total ops = 104, Real ops = 59, Vars = 41) (SOL-10)
# Info: Optimizing partition '/lab1/lab1:core/lab1:core:fsm': (Total ops = 7, Real ops = 2, Vars = 5) (SOL-10)
# Info: Optimizing partition '/lab1/lab1:core/lab1:core:fsm/lab1:core:fsm': (Total ops = 1, Real ops = 1, Vars = 1) (SOL-10)
# Info: Optimizing partition '/lab1': (Total ops = 131, Real ops = 59, Vars = 123) (SOL-10)
# Info: Optimizing partition '/lab1/lab1:core': (Total ops = 120, Real ops = 59, Vars = 115) (SOL-10)
# Info: Optimizing partition '/lab1/lab1:core/lab1:core:fsm': (Total ops = 6, Real ops = 2, Vars = 5) (SOL-10)
# Info: Optimizing partition '/lab1/lab1:core/lab1:core:fsm/lab1:core:fsm': (Total ops = 1, Real ops = 1, Vars = 1) (SOL-10)
# Netlist written to file 'schematic.nlv' (NET-4)
# Info: Optimizing partition '/lab1': (Total ops = 131, Real ops = 59, Vars = 123) (SOL-10)
# Info: Optimizing partition '/lab1/lab1:core': (Total ops = 120, Real ops = 59, Vars = 115) (SOL-10)
# Info: Optimizing partition '/lab1/lab1:core/lab1:core:fsm': (Total ops = 7, Real ops = 2, Vars = 5) (SOL-10)
# Info: Optimizing partition '/lab1/lab1:core/lab1:core:fsm/lab1:core:fsm': (Total ops = 1, Real ops = 1, Vars = 1) (SOL-10)
# Info: Optimizing partition '/lab1': (Total ops = 115, Real ops = 59, Vars = 49) (SOL-10)
# Info: Optimizing partition '/lab1/lab1:core': (Total ops = 104, Real ops = 59, Vars = 41) (SOL-10)
# Info: Optimizing partition '/lab1': (Total ops = 115, Real ops = 59, Vars = 49) (SOL-10)
# Info: Optimizing partition '/lab1/lab1:core': (Total ops = 104, Real ops = 59, Vars = 41) (SOL-10)
# Info: Optimizing partition '/lab1/lab1:core/lab1:core:fsm': (Total ops = 7, Real ops = 2, Vars = 5) (SOL-10)
# Info: Optimizing partition '/lab1/lab1:core/lab1:core:fsm/lab1:core:fsm': (Total ops = 1, Real ops = 1, Vars = 1) (SOL-10)
# Report written to file 'rtl.rpt'
# Netlist written to file 'rtl.vhdl' (NET-4)
# generate concat
# order file name is: rtl.vhdl_order.txt
# Add dependent file: ./rtl_funcs.vhd
# Add dependent file: ./rtl_mux_pkg.vhdl
# Add dependent file: ./rtl_mgc_ioport.vhd
# Add dependent file: ./rtl.vhdl
# Finished writing concatenated file: /tp-fmr/TP_SYSTEMC/TP7.HLS/catapultlabs/lab1/Catapult/lab1.v1/concat_rtl.vhdl
# Synthesis timing script written to file './rtl.vhdl.psr_timing'
# IO timing constraints written to synthesis script file
# Synthesis script written to file 'rtl.vhdl.psr'
# Netlist written to file 'rtl.v' (NET-4)
# generate concat
# order file name is: rtl.v_order.txt
# Add dependent file: ./rtl_mgc_ioport.v
# Add dependent file: ./rtl_mgc_ioport_v2001.v
# Add dependent file: ./rtl.v
# Finished writing concatenated file: /tp-fmr/TP_SYSTEMC/TP7.HLS/catapultlabs/lab1/Catapult/lab1.v1/concat_rtl.v
# Synthesis timing script written to file './rtl.v.psr_timing'
# IO timing constraints written to synthesis script file
# Synthesis script written to file 'rtl.v.psr'
# Netlist written to file 'rtl.cxx' (NET-4)
# Info: Completed transformation 'extract' on solution 'lab1.v1': elapsed time 2.80 seconds, memory usage 241816kB, peak memory usage 241816kB (SOL-9)
go instance
flow run /Schematic/view ./schematic.nlv -state datapath
flow run /Schematic/view ./schematic.nlv -state datapath
go compile
directive set /lab1/core/main/ACC -UNROLL 2
# Info: Branching solution 'lab1.v2' at state 'compile' (PRJ-2)
# /lab1/core/main/ACC/UNROLL 2
go allocate
# Info: Starting transformation 'architect' on solution 'lab1.v2' (SOL-8)
# $PROJECT_HOME/lab1.cpp(21): Loop '/lab1/core/ACC' is being partially unrolled 2 times. (LOOP-3)
# Info: Optimizing partition '/lab1/core': (Total ops = 22, Real ops = 5, Vars = 1) (SOL-10)
# Info: Optimizing partition '/lab1/core': (Total ops = 34, Real ops = 5, Vars = 3) (SOL-10)
# Info: Optimizing partition '/lab1/core': (Total ops = 25, Real ops = 4, Vars = 1) (SOL-10)
# Info: Optimizing partition '/lab1/core': (Total ops = 25, Real ops = 4, Vars = 1) (SOL-10)
# $PROJECT_HOME/lab1.cpp(19): Loop '/lab1/core/main' is left rolled. (LOOP-4)
# Info: Optimizing partition '/lab1': (Total ops = 25, Real ops = 4, Vars = 6) (SOL-10)
# Info: Optimizing partition '/lab1/core': (Total ops = 24, Real ops = 4, Vars = 2) (SOL-10)
# Info: Optimizing partition '/lab1/core': (Total ops = 24, Real ops = 4, Vars = 1) (SOL-10)
# Info: Optimizing partition '/lab1': (Total ops = 24, Real ops = 4, Vars = 6) (SOL-10)
# Info: Optimizing partition '/lab1/core': (Total ops = 24, Real ops = 4, Vars = 1) (SOL-10)
# Info: Optimizing partition '/lab1': (Total ops = 24, Real ops = 4, Vars = 6) (SOL-10)
# $PROJECT_HOME/lab1.cpp(19): I/O-Port inferred - resource 'a:rsc' (from var: a) mapped to 'mgc_ioport.mgc_in_wire' (size: 256). (MEM-2)
# $PROJECT_HOME/lab1.cpp(19): I/O-Port inferred - resource 'b:rsc' (from var: b) mapped to 'mgc_ioport.mgc_in_wire' (size: 256). (MEM-2)
# $PROJECT_HOME/lab1.cpp(19): I/O-Port inferred - resource 'c:rsc' (from var: c) mapped to 'mgc_ioport.mgc_out_stdreg' (size: 256). (MEM-2)
# Info: Optimizing partition '/lab1': (Total ops = 49, Real ops = 4, Vars = 12) (SOL-10)
# Info: Optimizing partition '/lab1/core': (Total ops = 49, Real ops = 4, Vars = 7) (SOL-10)
# Info: Optimizing partition '/lab1/core': (Total ops = 53, Real ops = 4, Vars = 8) (SOL-10)
# Info: Optimizing partition '/lab1/core': (Total ops = 50, Real ops = 4, Vars = 8) (SOL-10)
# Info: Optimizing partition '/lab1': (Total ops = 50, Real ops = 4, Vars = 13) (SOL-10)
# Info: Optimizing partition '/lab1/core': (Total ops = 82, Real ops = 4, Vars = 22) (SOL-10)
# Info: Optimizing partition '/lab1/core': (Total ops = 79, Real ops = 4, Vars = 14) (SOL-10)
# Info: Optimizing partition '/lab1/core': (Total ops = 56, Real ops = 4, Vars = 14) (SOL-10)
# Info: Optimizing partition '/lab1': (Total ops = 56, Real ops = 4, Vars = 19) (SOL-10)
# Info: Optimizing partition '/lab1': (Total ops = 56, Real ops = 4, Vars = 20) (SOL-10)
# Info: Optimizing partition '/lab1/core': (Total ops = 71, Real ops = 4, Vars = 31) (SOL-10)
# Info: Optimizing partition '/lab1/core': (Total ops = 63, Real ops = 4, Vars = 21) (SOL-10)
# Info: Optimizing partition '/lab1': (Total ops = 63, Real ops = 4, Vars = 26) (SOL-10)
# Info: Optimizing partition '/lab1/core': (Total ops = 260, Real ops = 20, Vars = 143) (SOL-10)
# Info: Optimizing partition '/lab1/core': (Total ops = 88, Real ops = 24, Vars = 33) (SOL-10)
# Design 'lab1' contains '28' real operations. (SOL-11)
# Info: Completed transformation 'architect' on solution 'lab1.v2': elapsed time 0.84 seconds, memory usage 257616kB, peak memory usage 257772kB (SOL-9)
# Info: Starting transformation 'allocate' on solution 'lab1.v2' (SOL-8)
# Performing concurrent resource allocation and scheduling on '/lab1/core' (CRAAS-1)
# Info: Select qualified components for data operations ... (CRAAS-3)
# Info: Apply resource constraints on data operations ... (CRAAS-4)
# $PROJECT_HOME/lab1.cpp(21): Prescheduled LOOP 'ACC' (2 c-steps) (SCHD-7)
# $PROJECT_HOME/lab1.cpp(19): Prescheduled LOOP 'main' (1 c-steps) (SCHD-7)
# $PROJECT_HOME/lab1.cpp(19): Prescheduled SEQUENTIAL 'core' (total length 9 c-steps) (SCHD-8)
# Info: Initial schedule of SEQUENTIAL 'core': Latency = 7, Area (Datapath, Register, Total) = 442.67, 0.00, 442.67 (CRAAS-11)
# At least one feasible schedule exists. (CRAAS-9)
# Info: Final schedule of SEQUENTIAL 'core': Latency = 7, Area (Datapath, Register, Total) = 442.67, 0.00, 442.67 (CRAAS-12)
# Resource allocation and scheduling done. (CRAAS-2)
# Netlist written to file 'schedule.gnt' (NET-4)
# Info: Completed transformation 'allocate' on solution 'lab1.v2': elapsed time 0.12 seconds, memory usage 257616kB, peak memory usage 257772kB (SOL-9)
go compile
directive set /lab1/core/main/ACC -UNROLL yes
# Info: Branching solution 'lab1.v3' at state 'compile' (PRJ-2)
# /lab1/core/main/ACC/UNROLL yes
go allocate
# Info: Starting transformation 'architect' on solution 'lab1.v3' (SOL-8)
# $PROJECT_HOME/lab1.cpp(21): Loop '/lab1/core/ACC' is being fully unrolled (8 times). (LOOP-7)
# Info: Optimizing partition '/lab1/core': (Total ops = 82, Real ops = 17, Vars = 1) (SOL-10)
# Info: Optimizing partition '/lab1/core': (Total ops = 33, Real ops = 9, Vars = 0) (SOL-10)
# Info: Optimizing partition '/lab1/core': (Total ops = 33, Real ops = 9, Vars = 0) (SOL-10)
# $PROJECT_HOME/lab1.cpp(19): Loop '/lab1/core/main' is left rolled. (LOOP-4)
# Info: Optimizing partition '/lab1': (Total ops = 33, Real ops = 9, Vars = 5) (SOL-10)
# Info: Optimizing partition '/lab1/core': (Total ops = 33, Real ops = 9, Vars = 0) (SOL-10)
# Info: Optimizing partition '/lab1': (Total ops = 33, Real ops = 9, Vars = 5) (SOL-10)
# $PROJECT_HOME/lab1.cpp(19): I/O-Port inferred - resource 'a:rsc' (from var: a) mapped to 'mgc_ioport.mgc_in_wire' (size: 256). (MEM-2)
# $PROJECT_HOME/lab1.cpp(19): I/O-Port inferred - resource 'b:rsc' (from var: b) mapped to 'mgc_ioport.mgc_in_wire' (size: 256). (MEM-2)
# $PROJECT_HOME/lab1.cpp(19): I/O-Port inferred - resource 'c:rsc' (from var: c) mapped to 'mgc_ioport.mgc_out_stdreg' (size: 256). (MEM-2)
# Info: Optimizing partition '/lab1': (Total ops = 65, Real ops = 9, Vars = 13) (SOL-10)
# Info: Optimizing partition '/lab1/core': (Total ops = 65, Real ops = 9, Vars = 8) (SOL-10)
# Info: Optimizing partition '/lab1/core': (Total ops = 33, Real ops = 9, Vars = 9) (SOL-10)
# Info: Optimizing partition '/lab1/core': (Total ops = 29, Real ops = 9, Vars = 2) (SOL-10)
# Info: Optimizing partition '/lab1': (Total ops = 29, Real ops = 9, Vars = 7) (SOL-10)
# Info: Optimizing partition '/lab1': (Total ops = 29, Real ops = 9, Vars = 7) (SOL-10)
# Info: Optimizing partition '/lab1/core': (Total ops = 29, Real ops = 9, Vars = 2) (SOL-10)
# Info: Optimizing partition '/lab1/core': (Total ops = 39, Real ops = 9, Vars = 8) (SOL-10)
# Info: Optimizing partition '/lab1/core': (Total ops = 29, Real ops = 9, Vars = 2) (SOL-10)
# Design 'lab1' contains '9' real operations. (SOL-11)
# Info: Completed transformation 'architect' on solution 'lab1.v3': elapsed time 0.54 seconds, memory usage 257616kB, peak memory usage 257772kB (SOL-9)
# Info: Starting transformation 'allocate' on solution 'lab1.v3' (SOL-8)
# Performing concurrent resource allocation and scheduling on '/lab1/core' (CRAAS-1)
# Info: Select qualified components for data operations ... (CRAAS-3)
# Info: Apply resource constraints on data operations ... (CRAAS-4)
# $PROJECT_HOME/lab1.cpp(19): Prescheduled LOOP 'main' (2 c-steps) (SCHD-7)
# $PROJECT_HOME/lab1.cpp(19): Prescheduled SEQUENTIAL 'core' (total length 2 c-steps) (SCHD-8)
# Info: Initial schedule of SEQUENTIAL 'core': Latency = 1, Area (Datapath, Register, Total) = 264.18, 0.00, 264.18 (CRAAS-11)
# At least one feasible schedule exists. (CRAAS-9)
# Info: Final schedule of SEQUENTIAL 'core': Latency = 1, Area (Datapath, Register, Total) = 264.18, 0.00, 264.18 (CRAAS-12)
# Resource allocation and scheduling done. (CRAAS-2)
# Netlist written to file 'schedule.gnt' (NET-4)
# Info: Completed transformation 'allocate' on solution 'lab1.v3': elapsed time 0.10 seconds, memory usage 257616kB, peak memory usage 257772kB (SOL-9)
go compile
directive set /lab1/core/main/ACC -UNROLL no
# Info: Branching solution 'lab1.v4' at state 'compile' (PRJ-2)
# /lab1/core/main/ACC/UNROLL no
go allocate
# Info: Starting transformation 'architect' on solution 'lab1.v4' (SOL-8)
# $PROJECT_HOME/lab1.cpp(21): Loop '/lab1/core/ACC' is left rolled. (LOOP-4)
# $PROJECT_HOME/lab1.cpp(19): Loop '/lab1/core/main' is left rolled. (LOOP-4)
# $PROJECT_HOME/lab1.cpp(19): I/O-Port inferred - resource 'a:rsc' (from var: a) mapped to 'mgc_ioport.mgc_in_wire' (size: 256). (MEM-2)
# $PROJECT_HOME/lab1.cpp(19): I/O-Port inferred - resource 'b:rsc' (from var: b) mapped to 'mgc_ioport.mgc_in_wire' (size: 256). (MEM-2)
# $PROJECT_HOME/lab1.cpp(19): I/O-Port inferred - resource 'c:rsc' (from var: c) mapped to 'mgc_ioport.mgc_out_stdreg' (size: 256). (MEM-2)
# Info: Optimizing partition '/lab1': (Total ops = 23, Real ops = 3, Vars = 8) (SOL-10)
# Info: Optimizing partition '/lab1/core': (Total ops = 23, Real ops = 3, Vars = 3) (SOL-10)
# Info: Optimizing partition '/lab1/core': (Total ops = 37, Real ops = 3, Vars = 4) (SOL-10)
# Info: Optimizing partition '/lab1': (Total ops = 37, Real ops = 3, Vars = 9) (SOL-10)
# Info: Optimizing partition '/lab1/core': (Total ops = 80, Real ops = 3, Vars = 12) (SOL-10)
# Info: Optimizing partition '/lab1/core': (Total ops = 80, Real ops = 3, Vars = 11) (SOL-10)
# Info: Optimizing partition '/lab1': (Total ops = 80, Real ops = 3, Vars = 16) (SOL-10)
# Info: Optimizing partition '/lab1': (Total ops = 80, Real ops = 3, Vars = 17) (SOL-10)
# Info: Optimizing partition '/lab1/core': (Total ops = 95, Real ops = 3, Vars = 28) (SOL-10)
# Info: Optimizing partition '/lab1/core': (Total ops = 87, Real ops = 3, Vars = 18) (SOL-10)
# Info: Optimizing partition '/lab1': (Total ops = 87, Real ops = 3, Vars = 23) (SOL-10)
# Info: Optimizing partition '/lab1/core': (Total ops = 296, Real ops = 19, Vars = 164) (SOL-10)
# Info: Optimizing partition '/lab1/core': (Total ops = 90, Real ops = 25, Vars = 34) (SOL-10)
# Design 'lab1' contains '27' real operations. (SOL-11)
# Info: Completed transformation 'architect' on solution 'lab1.v4': elapsed time 0.68 seconds, memory usage 258640kB, peak memory usage 258640kB (SOL-9)
# Info: Starting transformation 'allocate' on solution 'lab1.v4' (SOL-8)
# Performing concurrent resource allocation and scheduling on '/lab1/core' (CRAAS-1)
# Info: Select qualified components for data operations ... (CRAAS-3)
# Info: Apply resource constraints on data operations ... (CRAAS-4)
# $PROJECT_HOME/lab1.cpp(21): Prescheduled LOOP 'ACC' (2 c-steps) (SCHD-7)
# $PROJECT_HOME/lab1.cpp(19): Prescheduled LOOP 'main' (1 c-steps) (SCHD-7)
# $PROJECT_HOME/lab1.cpp(19): Prescheduled SEQUENTIAL 'core' (total length 17 c-steps) (SCHD-8)
# Info: Initial schedule of SEQUENTIAL 'core': Latency = 15, Area (Datapath, Register, Total) = 399.12, 0.00, 399.12 (CRAAS-11)
# At least one feasible schedule exists. (CRAAS-9)
# Info: Final schedule of SEQUENTIAL 'core': Latency = 15, Area (Datapath, Register, Total) = 399.12, 0.00, 399.12 (CRAAS-12)
# Resource allocation and scheduling done. (CRAAS-2)
# Netlist written to file 'schedule.gnt' (NET-4)
# Info: Completed transformation 'allocate' on solution 'lab1.v4': elapsed time 0.14 seconds, memory usage 258640kB, peak memory usage 258640kB (SOL-9)
go compile
directive set /lab1/core/main/ACC -UNROLL 4
# Info: Branching solution 'lab1.v5' at state 'compile' (PRJ-2)
# /lab1/core/main/ACC/UNROLL 4
go allocate
# Info: Starting transformation 'architect' on solution 'lab1.v5' (SOL-8)
# $PROJECT_HOME/lab1.cpp(21): Loop '/lab1/core/ACC' is being partially unrolled 4 times. (LOOP-3)
# Info: Optimizing partition '/lab1/core': (Total ops = 42, Real ops = 9, Vars = 1) (SOL-10)
# Info: Optimizing partition '/lab1/core': (Total ops = 67, Real ops = 9, Vars = 6) (SOL-10)
# Info: Optimizing partition '/lab1/core': (Total ops = 45, Real ops = 6, Vars = 1) (SOL-10)
# Info: Optimizing partition '/lab1/core': (Total ops = 45, Real ops = 6, Vars = 1) (SOL-10)
# $PROJECT_HOME/lab1.cpp(19): Loop '/lab1/core/main' is left rolled. (LOOP-4)
# Info: Optimizing partition '/lab1': (Total ops = 45, Real ops = 6, Vars = 6) (SOL-10)
# Info: Optimizing partition '/lab1/core': (Total ops = 44, Real ops = 6, Vars = 2) (SOL-10)
# Info: Optimizing partition '/lab1/core': (Total ops = 44, Real ops = 6, Vars = 1) (SOL-10)
# Info: Optimizing partition '/lab1': (Total ops = 44, Real ops = 6, Vars = 6) (SOL-10)
# Info: Optimizing partition '/lab1/core': (Total ops = 44, Real ops = 6, Vars = 1) (SOL-10)
# Info: Optimizing partition '/lab1': (Total ops = 44, Real ops = 6, Vars = 6) (SOL-10)
# $PROJECT_HOME/lab1.cpp(19): I/O-Port inferred - resource 'a:rsc' (from var: a) mapped to 'mgc_ioport.mgc_in_wire' (size: 256). (MEM-2)
# $PROJECT_HOME/lab1.cpp(19): I/O-Port inferred - resource 'b:rsc' (from var: b) mapped to 'mgc_ioport.mgc_in_wire' (size: 256). (MEM-2)
# $PROJECT_HOME/lab1.cpp(19): I/O-Port inferred - resource 'c:rsc' (from var: c) mapped to 'mgc_ioport.mgc_out_stdreg' (size: 256). (MEM-2)
# Info: Optimizing partition '/lab1': (Total ops = 89, Real ops = 6, Vars = 18) (SOL-10)
# Info: Optimizing partition '/lab1/core': (Total ops = 89, Real ops = 6, Vars = 13) (SOL-10)
# Info: Optimizing partition '/lab1/core': (Total ops = 73, Real ops = 6, Vars = 12) (SOL-10)
# Info: Optimizing partition '/lab1/core': (Total ops = 64, Real ops = 6, Vars = 12) (SOL-10)
# Info: Optimizing partition '/lab1': (Total ops = 64, Real ops = 6, Vars = 17) (SOL-10)
# Info: Optimizing partition '/lab1/core': (Total ops = 76, Real ops = 6, Vars = 29) (SOL-10)
# Info: Optimizing partition '/lab1/core': (Total ops = 69, Real ops = 6, Vars = 16) (SOL-10)
# Info: Optimizing partition '/lab1/core': (Total ops = 58, Real ops = 6, Vars = 16) (SOL-10)
# Info: Optimizing partition '/lab1': (Total ops = 58, Real ops = 6, Vars = 21) (SOL-10)
# Info: Optimizing partition '/lab1/core': (Total ops = 58, Real ops = 6, Vars = 16) (SOL-10)
# Info: Optimizing partition '/lab1': (Total ops = 58, Real ops = 6, Vars = 21) (SOL-10)
# Info: Optimizing partition '/lab1': (Total ops = 58, Real ops = 6, Vars = 22) (SOL-10)
# Info: Optimizing partition '/lab1/core': (Total ops = 73, Real ops = 6, Vars = 33) (SOL-10)
# Info: Optimizing partition '/lab1/core': (Total ops = 65, Real ops = 6, Vars = 23) (SOL-10)
# Info: Optimizing partition '/lab1': (Total ops = 65, Real ops = 6, Vars = 28) (SOL-10)
# Info: Optimizing partition '/lab1/core': (Total ops = 255, Real ops = 14, Vars = 136) (SOL-10)
# Info: Optimizing partition '/lab1/core': (Total ops = 86, Real ops = 14, Vars = 32) (SOL-10)
# Design 'lab1' contains '22' real operations. (SOL-11)
# Info: Completed transformation 'architect' on solution 'lab1.v5': elapsed time 1.08 seconds, memory usage 260484kB, peak memory usage 260484kB (SOL-9)
# Info: Starting transformation 'allocate' on solution 'lab1.v5' (SOL-8)
# Performing concurrent resource allocation and scheduling on '/lab1/core' (CRAAS-1)
# Info: Select qualified components for data operations ... (CRAAS-3)
# Info: Apply resource constraints on data operations ... (CRAAS-4)
# $PROJECT_HOME/lab1.cpp(21): Prescheduled LOOP 'ACC' (2 c-steps) (SCHD-7)
# $PROJECT_HOME/lab1.cpp(19): Prescheduled LOOP 'main' (1 c-steps) (SCHD-7)
# $PROJECT_HOME/lab1.cpp(19): Prescheduled SEQUENTIAL 'core' (total length 5 c-steps) (SCHD-8)
# Info: Initial schedule of SEQUENTIAL 'core': Latency = 3, Area (Datapath, Register, Total) = 531.87, 0.00, 531.87 (CRAAS-11)
# At least one feasible schedule exists. (CRAAS-9)
# Info: Final schedule of SEQUENTIAL 'core': Latency = 3, Area (Datapath, Register, Total) = 531.87, 0.00, 531.87 (CRAAS-12)
# Resource allocation and scheduling done. (CRAAS-2)
# Netlist written to file 'schedule.gnt' (NET-4)
# Info: Completed transformation 'allocate' on solution 'lab1.v5': elapsed time 0.14 seconds, memory usage 260484kB, peak memory usage 260484kB (SOL-9)
go compile
directive set /lab1/core/main/ACC -UNROLL yes
# Info: Branching solution 'lab1.v6' at state 'compile' (PRJ-2)
# /lab1/core/main/ACC/UNROLL yes
go allocate
# Info: Starting transformation 'architect' on solution 'lab1.v6' (SOL-8)
# $PROJECT_HOME/lab1.cpp(21): Loop '/lab1/core/ACC' is being fully unrolled (8 times). (LOOP-7)
# Info: Optimizing partition '/lab1/core': (Total ops = 82, Real ops = 17, Vars = 1) (SOL-10)
# Info: Optimizing partition '/lab1/core': (Total ops = 33, Real ops = 9, Vars = 0) (SOL-10)
# Info: Optimizing partition '/lab1/core': (Total ops = 33, Real ops = 9, Vars = 0) (SOL-10)
# $PROJECT_HOME/lab1.cpp(19): Loop '/lab1/core/main' is left rolled. (LOOP-4)
# Info: Optimizing partition '/lab1': (Total ops = 33, Real ops = 9, Vars = 5) (SOL-10)
# Info: Optimizing partition '/lab1/core': (Total ops = 33, Real ops = 9, Vars = 0) (SOL-10)
# Info: Optimizing partition '/lab1': (Total ops = 33, Real ops = 9, Vars = 5) (SOL-10)
# $PROJECT_HOME/lab1.cpp(19): I/O-Port inferred - resource 'a:rsc' (from var: a) mapped to 'mgc_ioport.mgc_in_wire' (size: 256). (MEM-2)
# $PROJECT_HOME/lab1.cpp(19): I/O-Port inferred - resource 'b:rsc' (from var: b) mapped to 'mgc_ioport.mgc_in_wire' (size: 256). (MEM-2)
# $PROJECT_HOME/lab1.cpp(19): I/O-Port inferred - resource 'c:rsc' (from var: c) mapped to 'mgc_ioport.mgc_out_stdreg' (size: 256). (MEM-2)
# Info: Optimizing partition '/lab1': (Total ops = 65, Real ops = 9, Vars = 13) (SOL-10)
# Info: Optimizing partition '/lab1/core': (Total ops = 65, Real ops = 9, Vars = 8) (SOL-10)
# Info: Optimizing partition '/lab1/core': (Total ops = 33, Real ops = 9, Vars = 9) (SOL-10)
# Info: Optimizing partition '/lab1/core': (Total ops = 29, Real ops = 9, Vars = 2) (SOL-10)
# Info: Optimizing partition '/lab1': (Total ops = 29, Real ops = 9, Vars = 7) (SOL-10)
# Info: Optimizing partition '/lab1': (Total ops = 29, Real ops = 9, Vars = 7) (SOL-10)
# Info: Optimizing partition '/lab1/core': (Total ops = 29, Real ops = 9, Vars = 2) (SOL-10)
# Info: Optimizing partition '/lab1/core': (Total ops = 39, Real ops = 9, Vars = 8) (SOL-10)
# Info: Optimizing partition '/lab1/core': (Total ops = 29, Real ops = 9, Vars = 2) (SOL-10)
# Design 'lab1' contains '9' real operations. (SOL-11)
# Info: Completed transformation 'architect' on solution 'lab1.v6': elapsed time 0.68 seconds, memory usage 262736kB, peak memory usage 262736kB (SOL-9)
# Info: Starting transformation 'allocate' on solution 'lab1.v6' (SOL-8)
# Performing concurrent resource allocation and scheduling on '/lab1/core' (CRAAS-1)
# Info: Select qualified components for data operations ... (CRAAS-3)
# Info: Apply resource constraints on data operations ... (CRAAS-4)
# $PROJECT_HOME/lab1.cpp(19): Prescheduled LOOP 'main' (2 c-steps) (SCHD-7)
# $PROJECT_HOME/lab1.cpp(19): Prescheduled SEQUENTIAL 'core' (total length 2 c-steps) (SCHD-8)
# Info: Initial schedule of SEQUENTIAL 'core': Latency = 1, Area (Datapath, Register, Total) = 264.18, 0.00, 264.18 (CRAAS-11)
# At least one feasible schedule exists. (CRAAS-9)
# Info: Final schedule of SEQUENTIAL 'core': Latency = 1, Area (Datapath, Register, Total) = 264.18, 0.00, 264.18 (CRAAS-12)
# Resource allocation and scheduling done. (CRAAS-2)
# Netlist written to file 'schedule.gnt' (NET-4)
# Info: Completed transformation 'allocate' on solution 'lab1.v6': elapsed time 0.08 seconds, memory usage 262736kB, peak memory usage 262736kB (SOL-9)
go extract
# Info: Starting transformation 'schedule' on solution 'lab1.v6' (SOL-8)
# Performing concurrent resource allocation and scheduling on '/lab1/core' (CRAAS-1)
# Global signal 'a:rsc.z' added to design 'lab1' for component 'a:rsc:mgc_in_wire' (LIB-3)
# Global signal 'b:rsc.z' added to design 'lab1' for component 'b:rsc:mgc_in_wire' (LIB-3)
# Global signal 'c:rsc.z' added to design 'lab1' for component 'c:rsc:mgc_out_stdreg' (LIB-3)
# Info: Optimizing partition '/lab1': (Total ops = 46, Real ops = 10, Vars = 16) (SOL-10)
# Info: Optimizing partition '/lab1/lab1:core': (Total ops = 34, Real ops = 9, Vars = 7) (SOL-10)
# Info: Optimizing partition '/lab1/lab1:core/core': (Total ops = 29, Real ops = 9, Vars = 2) (SOL-10)
# Info: Optimizing partition '/lab1/lab1:core/core': (Total ops = 28, Real ops = 9, Vars = 2) (SOL-10)
# Info: Optimizing partition '/lab1': (Total ops = 44, Real ops = 9, Vars = 15) (SOL-10)
# Info: Optimizing partition '/lab1/lab1:core': (Total ops = 33, Real ops = 9, Vars = 7) (SOL-10)
# Info: Optimizing partition '/lab1/lab1:core/core': (Total ops = 28, Real ops = 9, Vars = 2) (SOL-10)
# Info: Optimizing partition '/lab1': (Total ops = 44, Real ops = 9, Vars = 15) (SOL-10)
# Report written to file 'cycle.rpt'
# Netlist written to file 'cycle.vhdl' (NET-4)
# Netlist written to file 'cycle.v' (NET-4)
# Netlist written to file 'cycle.cxx' (NET-4)
# Info: Completed transformation 'schedule' on solution 'lab1.v6': elapsed time 1.86 seconds, memory usage 265408kB, peak memory usage 265408kB (SOL-9)
# Info: Starting transformation 'dpfsm' on solution 'lab1.v6' (SOL-8)
# Performing FSM extraction... (FSM-1)
# Info: Optimizing partition '/lab1': (Total ops = 88, Real ops = 13, Vars = 43) (SOL-10)
# Info: Optimizing partition '/lab1/lab1:core': (Total ops = 77, Real ops = 13, Vars = 35) (SOL-10)
# Info: Optimizing partition '/lab1/lab1:core/lab1:core:fsm': (Total ops = 5, Real ops = 2, Vars = 6) (SOL-10)
# Info: Optimizing partition '/lab1/lab1:core/lab1:core:fsm/lab1:core:fsm': (Total ops = 1, Real ops = 1, Vars = 1) (SOL-10)
# Info: Optimizing partition '/lab1': (Total ops = 29, Real ops = 5, Vars = 18) (SOL-10)
# Info: Optimizing partition '/lab1/lab1:core': (Total ops = 18, Real ops = 5, Vars = 10) (SOL-10)
# Info: Optimizing partition '/lab1/lab1:core/lab1:core:fsm': (Total ops = 5, Real ops = 2, Vars = 4) (SOL-10)
# Info: Optimizing partition '/lab1/lab1:core/lab1:core:fsm/lab1:core:fsm': (Total ops = 1, Real ops = 1, Vars = 1) (SOL-10)
# Info: Optimizing partition '/lab1': (Total ops = 27, Real ops = 4, Vars = 18) (SOL-10)
# Info: Optimizing partition '/lab1/lab1:core': (Total ops = 16, Real ops = 4, Vars = 10) (SOL-10)
# Info: Optimizing partition '/lab1/lab1:core/lab1:core:fsm': (Total ops = 5, Real ops = 2, Vars = 4) (SOL-10)
# Info: Optimizing partition '/lab1/lab1:core/lab1:core:fsm/lab1:core:fsm': (Total ops = 1, Real ops = 1, Vars = 1) (SOL-10)
# Info: Optimizing partition '/lab1': (Total ops = 27, Real ops = 4, Vars = 18) (SOL-10)
# Info: Optimizing partition '/lab1/lab1:core': (Total ops = 16, Real ops = 4, Vars = 10) (SOL-10)
# Info: Optimizing partition '/lab1/lab1:core/lab1:core:fsm': (Total ops = 5, Real ops = 2, Vars = 4) (SOL-10)
# Info: Optimizing partition '/lab1/lab1:core': (Total ops = 16, Real ops = 4, Vars = 10) (SOL-10)
# Info: Optimizing partition '/lab1': (Total ops = 27, Real ops = 4, Vars = 18) (SOL-10)
# Info: Optimizing partition '/lab1': (Total ops = 27, Real ops = 4, Vars = 18) (SOL-10)
# Info: Optimizing partition '/lab1/lab1:core': (Total ops = 16, Real ops = 4, Vars = 10) (SOL-10)
# Info: Optimizing partition '/lab1/lab1:core/lab1:core:fsm': (Total ops = 5, Real ops = 2, Vars = 4) (SOL-10)
# Info: Optimizing partition '/lab1/lab1:core/lab1:core:fsm/lab1:core:fsm': (Total ops = 1, Real ops = 1, Vars = 1) (SOL-10)
# Info: Optimizing partition '/lab1': (Total ops = 27, Real ops = 4, Vars = 18) (SOL-10)
# Info: Optimizing partition '/lab1/lab1:core': (Total ops = 16, Real ops = 4, Vars = 10) (SOL-10)
# Info: Optimizing partition '/lab1/lab1:core/lab1:core:fsm': (Total ops = 5, Real ops = 2, Vars = 4) (SOL-10)
# Info: Optimizing partition '/lab1/lab1:core/lab1:core:fsm/lab1:core:fsm': (Total ops = 1, Real ops = 1, Vars = 1) (SOL-10)
# Info: Completed transformation 'dpfsm' on solution 'lab1.v6': elapsed time 0.16 seconds, memory usage 265408kB, peak memory usage 265408kB (SOL-9)
# Info: Starting transformation 'extract' on solution 'lab1.v6' (SOL-8)
# Info: Optimizing partition '/lab1': (Total ops = 52, Real ops = 12, Vars = 45) (SOL-10)
# Info: Optimizing partition '/lab1/lab1:core': (Total ops = 41, Real ops = 12, Vars = 37) (SOL-10)
# Info: Optimizing partition '/lab1/lab1:core/lab1:core:fsm': (Total ops = 5, Real ops = 2, Vars = 4) (SOL-10)
# Info: Optimizing partition '/lab1/lab1:core/lab1:core:fsm/lab1:core:fsm': (Total ops = 1, Real ops = 1, Vars = 1) (SOL-10)
# Info: Optimizing partition '/lab1': (Total ops = 27, Real ops = 4, Vars = 18) (SOL-10)
# Info: Optimizing partition '/lab1/lab1:core': (Total ops = 16, Real ops = 4, Vars = 10) (SOL-10)
# Info: Optimizing partition '/lab1/lab1:core/lab1:core:fsm': (Total ops = 5, Real ops = 2, Vars = 4) (SOL-10)
# Info: Optimizing partition '/lab1/lab1:core': (Total ops = 16, Real ops = 4, Vars = 10) (SOL-10)
# Info: Optimizing partition '/lab1': (Total ops = 27, Real ops = 4, Vars = 18) (SOL-10)
# Info: Optimizing partition '/lab1': (Total ops = 27, Real ops = 4, Vars = 18) (SOL-10)
# Info: Optimizing partition '/lab1/lab1:core': (Total ops = 16, Real ops = 4, Vars = 10) (SOL-10)
# Info: Optimizing partition '/lab1/lab1:core/lab1:core:fsm': (Total ops = 5, Real ops = 2, Vars = 4) (SOL-10)
# Info: Optimizing partition '/lab1/lab1:core/lab1:core:fsm/lab1:core:fsm': (Total ops = 1, Real ops = 1, Vars = 1) (SOL-10)
# Info: Optimizing partition '/lab1': (Total ops = 27, Real ops = 4, Vars = 18) (SOL-10)
# Info: Optimizing partition '/lab1/lab1:core': (Total ops = 16, Real ops = 4, Vars = 10) (SOL-10)
# Info: Optimizing partition '/lab1/lab1:core/lab1:core:fsm': (Total ops = 5, Real ops = 2, Vars = 4) (SOL-10)
# Info: Optimizing partition '/lab1/lab1:core/lab1:core:fsm/lab1:core:fsm': (Total ops = 1, Real ops = 1, Vars = 1) (SOL-10)
# Info: Optimizing partition '/lab1': (Total ops = 52, Real ops = 12, Vars = 45) (SOL-10)
# Info: Optimizing partition '/lab1/lab1:core': (Total ops = 41, Real ops = 12, Vars = 37) (SOL-10)
# Info: Optimizing partition '/lab1/lab1:core/lab1:core:fsm': (Total ops = 5, Real ops = 2, Vars = 4) (SOL-10)
# Info: Optimizing partition '/lab1/lab1:core/lab1:core:fsm/lab1:core:fsm': (Total ops = 1, Real ops = 1, Vars = 1) (SOL-10)
# Netlist written to file 'schematic.nlv' (NET-4)
# Info: Optimizing partition '/lab1': (Total ops = 52, Real ops = 12, Vars = 45) (SOL-10)
# Info: Optimizing partition '/lab1/lab1:core': (Total ops = 41, Real ops = 12, Vars = 37) (SOL-10)
# Info: Optimizing partition '/lab1/lab1:core/lab1:core:fsm': (Total ops = 5, Real ops = 2, Vars = 4) (SOL-10)
# Info: Optimizing partition '/lab1/lab1:core/lab1:core:fsm/lab1:core:fsm': (Total ops = 1, Real ops = 1, Vars = 1) (SOL-10)
# Info: Optimizing partition '/lab1': (Total ops = 27, Real ops = 4, Vars = 18) (SOL-10)
# Info: Optimizing partition '/lab1/lab1:core': (Total ops = 16, Real ops = 4, Vars = 10) (SOL-10)
# Info: Optimizing partition '/lab1': (Total ops = 27, Real ops = 4, Vars = 18) (SOL-10)
# Info: Optimizing partition '/lab1/lab1:core': (Total ops = 16, Real ops = 4, Vars = 10) (SOL-10)
# Info: Optimizing partition '/lab1/lab1:core/lab1:core:fsm': (Total ops = 5, Real ops = 2, Vars = 4) (SOL-10)
# Info: Optimizing partition '/lab1/lab1:core/lab1:core:fsm/lab1:core:fsm': (Total ops = 1, Real ops = 1, Vars = 1) (SOL-10)
# Report written to file 'rtl.rpt'
# Netlist written to file 'rtl.vhdl' (NET-4)
# generate concat
# order file name is: rtl.vhdl_order.txt
# Add dependent file: ./rtl_funcs.vhd
# Add dependent file: ./rtl_mux_pkg.vhdl
# Add dependent file: ./rtl_mgc_ioport.vhd
# Add dependent file: ./rtl.vhdl
# Finished writing concatenated file: /tp-fmr/TP_SYSTEMC/TP7.HLS/catapultlabs/lab1/Catapult/lab1.v6/concat_rtl.vhdl
# Synthesis timing script written to file './rtl.vhdl.psr_timing'
# IO timing constraints written to synthesis script file
# Synthesis script written to file 'rtl.vhdl.psr'
# Netlist written to file 'rtl.v' (NET-4)
# generate concat
# order file name is: rtl.v_order.txt
# Add dependent file: ./rtl_mgc_ioport.v
# Add dependent file: ./rtl_mgc_ioport_v2001.v
# Add dependent file: ./rtl.v
# Finished writing concatenated file: /tp-fmr/TP_SYSTEMC/TP7.HLS/catapultlabs/lab1/Catapult/lab1.v6/concat_rtl.v
# Synthesis timing script written to file './rtl.v.psr_timing'
# IO timing constraints written to synthesis script file
# Synthesis script written to file 'rtl.v.psr'
# Netlist written to file 'rtl.cxx' (NET-4)
# Info: Completed transformation 'extract' on solution 'lab1.v6': elapsed time 2.62 seconds, memory usage 267456kB, peak memory usage 267456kB (SOL-9)
go new
solution file add ../lab2/lab2.cpp
# Info: Branching solution 'solution.v1' at state 'new' (PRJ-2)
# /INPUTFILES/2
solution file remove {$PROJECT_HOME/lab1.cpp}
go analyze
# Info: Starting transformation 'analyze' on solution 'solution.v1' (SOL-8)
# Front End called with arguments: -- /tp-fmr/TP_SYSTEMC/TP7.HLS/catapultlabs/lab2/lab2.cpp (CIN-69)
# Edison Design Group C++/C Front End - Version 3.10.1 (CIN-1)
# Error: /softslin/catapult2011a_62/Mgc_home/shared/include/ac_int.h(112): /softslin/catapult2011a_62/Mgc_home/shared/include/ac_int.h(112): could not open source file "assert.h" (CRD-5)
# Error: Compilation aborted (CIN-5)
# Error: go analyze: Failed analyze
go analyze
# Info: Starting transformation 'analyze' on solution 'solution.v1' (SOL-8)
# Front End called with arguments: -- /tp-fmr/TP_SYSTEMC/TP7.HLS/catapultlabs/lab2/lab2.cpp (CIN-69)
# Edison Design Group C++/C Front End - Version 3.10.1 (CIN-1)
# Error: /softslin/catapult2011a_62/Mgc_home/shared/include/ac_int.h(112): /softslin/catapult2011a_62/Mgc_home/shared/include/ac_int.h(112): could not open source file "assert.h" (CRD-5)
# Error: Compilation aborted (CIN-5)
# Error: go analyze: Failed analyze
go analyze
# Info: Starting transformation 'analyze' on solution 'solution.v1' (SOL-8)
# Front End called with arguments: -- /tp-fmr/TP_SYSTEMC/TP7.HLS/catapultlabs/lab2/lab2.cpp (CIN-69)
# Edison Design Group C++/C Front End - Version 3.10.1 (CIN-1)
# Error: /softslin/catapult2011a_62/Mgc_home/shared/include/ac_int.h(112): /softslin/catapult2011a_62/Mgc_home/shared/include/ac_int.h(112): could not open source file "assert.h" (CRD-5)
# Error: Compilation aborted (CIN-5)
# Error: go analyze: Failed analyze
go analyze
# Info: Starting transformation 'analyze' on solution 'solution.v1' (SOL-8)
# Front End called with arguments: -- /tp-fmr/TP_SYSTEMC/TP7.HLS/catapultlabs/lab2/lab2.cpp (CIN-69)
# Edison Design Group C++/C Front End - Version 3.10.1 (CIN-1)
# Error: /softslin/catapult2011a_62/Mgc_home/shared/include/ac_int.h(112): /softslin/catapult2011a_62/Mgc_home/shared/include/ac_int.h(112): could not open source file "assert.h" (CRD-5)
# Error: Compilation aborted (CIN-5)
# Error: go analyze: Failed analyze
go analyze
# Info: Starting transformation 'analyze' on solution 'solution.v1' (SOL-8)
# Front End called with arguments: -- /tp-fmr/TP_SYSTEMC/TP7.HLS/catapultlabs/lab2/lab2.cpp (CIN-69)
# Edison Design Group C++/C Front End - Version 3.10.1 (CIN-1)
# Error: /softslin/catapult2011a_62/Mgc_home/shared/include/ac_int.h(112): /softslin/catapult2011a_62/Mgc_home/shared/include/ac_int.h(112): could not open source file "assert.h" (CRD-5)
# Error: Compilation aborted (CIN-5)
# Error: go analyze: Failed analyze
go analyze
# Info: Starting transformation 'analyze' on solution 'solution.v1' (SOL-8)
# Front End called with arguments: -- /tp-fmr/TP_SYSTEMC/TP7.HLS/catapultlabs/lab2/lab2.cpp (CIN-69)
# Edison Design Group C++/C Front End - Version 3.10.1 (CIN-1)
# Error: /softslin/catapult2011a_62/Mgc_home/shared/include/ac_int.h(112): /softslin/catapult2011a_62/Mgc_home/shared/include/ac_int.h(112): could not open source file "assert.h" (CRD-5)
# Error: Compilation aborted (CIN-5)
# Error: go analyze: Failed analyze
solution file add ../lab2/lab2.cpp
# /INPUTFILES/2
go analyze
# Info: Starting transformation 'analyze' on solution 'solution.v1' (SOL-8)
# Front End called with arguments: -- /tp-fmr/TP_SYSTEMC/TP7.HLS/catapultlabs/lab2/lab2.cpp (CIN-69)
# Edison Design Group C++/C Front End - Version 3.10.1 (CIN-1)
# Error: /softslin/catapult2011a_62/Mgc_home/shared/include/ac_int.h(112): /softslin/catapult2011a_62/Mgc_home/shared/include/ac_int.h(112): could not open source file "assert.h" (CRD-5)
# Error: Compilation aborted (CIN-5)
# Error: go analyze: Failed analyze
quit -f
